# JRE version: OpenJDK Runtime Environment (21.0.10) (build 21.0.10+-14961533-b1163.108)
# Java VM: OpenJDK 64-Bit Server VM (21.0.10+-14961533-b1163.108, mixed mode, tiered, compressed oops, compressed class ptrs, g1 gc, windows-amd64)
GC Precious Log:
 CardTable entry size: 512
 Card Set container configuration: InlinePtr #cards 5 size 8 Array Of Cards #cards 12 size 40 Howl #buckets 4 coarsen threshold 1843 Howl Bitmap #cards 512 size 80 coarsen threshold 460 Card regions per heap region 1 cards per card region 2048
 CPUs: 8 total, 8 available
 Memory: 7502M
 Large Page Support: Disabled
 NUMA Support: Disabled
 Compressed Oops: Enabled (32-bit)
 Heap Region Size: 1M
 Heap Min Capacity: 8M
 Heap Initial Capacity: 118M
 Heap Max Capacity: 2G
 Pre-touch: Disabled
 Parallel Workers: 8
 Concurrent Workers: 2
 Concurrent Refinement Workers: 8
 Periodic GC: Disabled
Heap:
 garbage-first heap   total 331776K, used 193984K [0x0000000080000000, 0x0000000100000000)
  region size 1024K, 10 young (10240K), 10 survivors (10240K)
 Metaspace       used 154057K, committed 156608K, reserved 1245184K
  class space    used 20831K, committed 22080K, reserved 1048576K
GC Heap History (20 events):
Event: 106.810 GC heap after
{Heap after GC invocations=60 (full 0):
 garbage-first heap   total 271360K, used 166691K [0x0000000080000000, 0x0000000100000000)
  region size 1024K, 5 young (5120K), 5 survivors (5120K)
 Metaspace       used 144219K, committed 146688K, reserved 1179648K
  class space    used 19466K, committed 20672K, reserved 1048576K
}
Event: 108.019 GC heap before
{Heap before GC invocations=60 (full 0):
 garbage-first heap   total 271360K, used 256803K [0x0000000080000000, 0x0000000100000000)
  region size 1024K, 93 young (95232K), 5 survivors (5120K)
 Metaspace       used 144674K, committed 147264K, reserved 1179648K
  class space    used 19525K, committed 20800K, reserved 1048576K
}
Event: 108.044 GC heap after
{Heap after GC invocations=61 (full 0):
 garbage-first heap   total 271360K, used 171214K [0x0000000080000000, 0x0000000100000000)
  region size 1024K, 10 young (10240K), 10 survivors (10240K)
 Metaspace       used 144674K, committed 147264K, reserved 1179648K
  class space    used 19525K, committed 20800K, reserved 1048576K
}
Event: 119.945 GC heap before
{Heap before GC invocations=62 (full 0):
 garbage-first heap   total 286720K, used 256206K [0x0000000080000000, 0x0000000100000000)
  region size 1024K, 93 young (95232K), 10 survivors (10240K)
 Metaspace       used 148337K, committed 150912K, reserved 1179648K
  class space    used 20058K, committed 21312K, reserved 1048576K
}
Event: 119.962 GC heap after
{Heap after GC invocations=63 (full 0):
 garbage-first heap   total 286720K, used 176449K [0x0000000080000000, 0x0000000100000000)
  region size 1024K, 12 young (12288K), 12 survivors (12288K)
 Metaspace       used 148337K, committed 150912K, reserved 1179648K
  class space    used 20058K, committed 21312K, reserved 1048576K
}
Event: 121.200 GC heap before
{Heap before GC invocations=63 (full 0):
 garbage-first heap   total 286720K, used 267585K [0x0000000080000000, 0x0000000100000000)
  region size 1024K, 101 young (103424K), 12 survivors (12288K)
 Metaspace       used 149306K, committed 151936K, reserved 1179648K
  class space    used 20160K, committed 21440K, reserved 1048576K
}
Event: 121.216 GC heap after
{Heap after GC invocations=64 (full 0):
 garbage-first heap   total 288768K, used 183563K [0x0000000080000000, 0x0000000100000000)
  region size 1024K, 13 young (13312K), 13 survivors (13312K)
 Metaspace       used 149306K, committed 151936K, reserved 1179648K
  class space    used 20160K, committed 21440K, reserved 1048576K
}
Event: 122.915 GC heap before
{Heap before GC invocations=64 (full 0):
 garbage-first heap   total 288768K, used 269579K [0x0000000080000000, 0x0000000100000000)
  region size 1024K, 98 young (100352K), 13 survivors (13312K)
 Metaspace       used 152573K, committed 155136K, reserved 1245184K
  class space    used 20624K, committed 21824K, reserved 1048576K
}
Event: 122.935 GC heap after
{Heap after GC invocations=65 (full 0):
 garbage-first heap   total 295936K, used 192874K [0x0000000080000000, 0x0000000100000000)
  region size 1024K, 13 young (13312K), 13 survivors (13312K)
 Metaspace       used 152573K, committed 155136K, reserved 1245184K
  class space    used 20624K, committed 21824K, reserved 1048576K
}
Event: 123.886 GC heap before
{Heap before GC invocations=65 (full 0):
 garbage-first heap   total 295936K, used 272746K [0x0000000080000000, 0x0000000100000000)
  region size 1024K, 92 young (94208K), 13 survivors (13312K)
 Metaspace       used 152650K, committed 155200K, reserved 1245184K
  class space    used 20631K, committed 21824K, reserved 1048576K
}
Event: 123.901 GC heap after
{Heap after GC invocations=66 (full 0):
 garbage-first heap   total 295936K, used 198656K [0x0000000080000000, 0x0000000100000000)
  region size 1024K, 5 young (5120K), 5 survivors (5120K)
 Metaspace       used 152650K, committed 155200K, reserved 1245184K
  class space    used 20631K, committed 21824K, reserved 1048576K
}
Event: 124.451 GC heap before
{Heap before GC invocations=67 (full 0):
 garbage-first heap   total 331776K, used 275456K [0x0000000080000000, 0x0000000100000000)
  region size 1024K, 81 young (82944K), 5 survivors (5120K)
 Metaspace       used 153049K, committed 155648K, reserved 1245184K
  class space    used 20695K, committed 21952K, reserved 1048576K
}
Event: 124.460 GC heap after
{Heap after GC invocations=68 (full 0):
 garbage-first heap   total 331776K, used 198656K [0x0000000080000000, 0x0000000100000000)
  region size 1024K, 5 young (5120K), 5 survivors (5120K)
 Metaspace       used 153049K, committed 155648K, reserved 1245184K
  class space    used 20695K, committed 21952K, reserved 1048576K
}
Event: 124.633 GC heap before
{Heap before GC invocations=68 (full 0):
 garbage-first heap   total 331776K, used 313344K [0x0000000080000000, 0x0000000100000000)
  region size 1024K, 118 young (120832K), 5 survivors (5120K)
 Metaspace       used 153450K, committed 156096K, reserved 1245184K
  class space    used 20751K, committed 22016K, reserved 1048576K
}
Event: 124.644 GC heap after
{Heap after GC invocations=69 (full 0):
 garbage-first heap   total 331776K, used 190810K [0x0000000080000000, 0x0000000100000000)
  region size 1024K, 7 young (7168K), 7 survivors (7168K)
 Metaspace       used 153450K, committed 156096K, reserved 1245184K
  class space    used 20751K, committed 22016K, reserved 1048576K
}
Event: 125.009 GC heap before
{Heap before GC invocations=69 (full 0):
 garbage-first heap   total 331776K, used 312666K [0x0000000080000000, 0x0000000100000000)
  region size 1024K, 127 young (130048K), 7 survivors (7168K)
 Metaspace       used 153797K, committed 156416K, reserved 1245184K
  class space    used 20797K, committed 22080K, reserved 1048576K
}
Event: 125.017 GC heap after
{Heap after GC invocations=70 (full 0):
 garbage-first heap   total 331776K, used 191445K [0x0000000080000000, 0x0000000100000000)
  region size 1024K, 7 young (7168K), 7 survivors (7168K)
 Metaspace       used 153797K, committed 156416K, reserved 1245184K
  class space    used 20797K, committed 22080K, reserved 1048576K
}
Event: 125.246 GC heap before
{Heap before GC invocations=70 (full 0):
 garbage-first heap   total 331776K, used 313301K [0x0000000080000000, 0x0000000100000000)
  region size 1024K, 127 young (130048K), 7 survivors (7168K)
 Metaspace       used 153797K, committed 156416K, reserved 1245184K
  class space    used 20797K, committed 22080K, reserved 1048576K
}
Event: 125.252 GC heap after
{Heap after GC invocations=71 (full 0):
 garbage-first heap   total 331776K, used 191595K [0x0000000080000000, 0x0000000100000000)
  region size 1024K, 8 young (8192K), 8 survivors (8192K)
 Metaspace       used 153797K, committed 156416K, reserved 1245184K
  class space    used 20797K, committed 22080K, reserved 1048576K
}
Event: 125.544 GC heap before
{Heap before GC invocations=72 (full 0):
 garbage-first heap   total 331776K, used 313451K [0x0000000080000000, 0x0000000100000000)
  region size 1024K, 127 young (130048K), 8 survivors (8192K)
 Metaspace       used 154057K, committed 156608K, reserved 1245184K
  class space    used 20831K, committed 22080K, reserved 1048576K
}

