# JRE version: OpenJDK Runtime Environment (21.0.10) (build 21.0.10+-14961533-b1163.108)
# Java VM: OpenJDK 64-Bit Server VM (21.0.10+-14961533-b1163.108, mixed mode, tiered, compressed oops, compressed class ptrs, g1 gc, windows-amd64)
GC Precious Log:
 CardTable entry size: 512
 Card Set container configuration: InlinePtr #cards 5 size 8 Array Of Cards #cards 12 size 40 Howl #buckets 4 coarsen threshold 1843 Howl Bitmap #cards 512 size 80 coarsen threshold 460 Card regions per heap region 1 cards per card region 2048
 CPUs: 8 total, 8 available
 Memory: 7502M
 Large Page Support: Disabled
 NUMA Support: Disabled
 Compressed Oops: Enabled (32-bit)
 Heap Region Size: 1M
 Heap Min Capacity: 8M
 Heap Initial Capacity: 118M
 Heap Max Capacity: 2G
 Pre-touch: Disabled
 Parallel Workers: 8
 Concurrent Workers: 2
 Concurrent Refinement Workers: 8
 Periodic GC: Disabled
Heap:
 garbage-first heap   total 153600K, used 144701K [0x0000000080000000, 0x0000000100000000)
  region size 1024K, 54 young (55296K), 6 survivors (6144K)
 Metaspace       used 113031K, committed 115200K, reserved 1179648K
  class space    used 15840K, committed 16896K, reserved 1048576K
GC Heap History (20 events):
Event: 13.144 GC heap before
{Heap before GC invocations=30 (full 0):
 garbage-first heap   total 151552K, used 129850K [0x0000000080000000, 0x0000000100000000)
  region size 1024K, 76 young (77824K), 5 survivors (5120K)
 Metaspace       used 72242K, committed 73984K, reserved 1114112K
  class space    used 10064K, committed 10880K, reserved 1048576K
}
Event: 13.150 GC heap after
{Heap after GC invocations=31 (full 0):
 garbage-first heap   total 151552K, used 65265K [0x0000000080000000, 0x0000000100000000)
  region size 1024K, 10 young (10240K), 10 survivors (10240K)
 Metaspace       used 72242K, committed 73984K, reserved 1114112K
  class space    used 10064K, committed 10880K, reserved 1048576K
}
Event: 14.489 GC heap before
{Heap before GC invocations=31 (full 0):
 garbage-first heap   total 151552K, used 130801K [0x0000000080000000, 0x0000000100000000)
  region size 1024K, 72 young (73728K), 10 survivors (10240K)
 Metaspace       used 78675K, committed 80512K, reserved 1179648K
  class space    used 10977K, committed 11840K, reserved 1048576K
}
Event: 14.497 GC heap after
{Heap after GC invocations=32 (full 0):
 garbage-first heap   total 151552K, used 70370K [0x0000000080000000, 0x0000000100000000)
  region size 1024K, 3 young (3072K), 3 survivors (3072K)
 Metaspace       used 78675K, committed 80512K, reserved 1179648K
  class space    used 10977K, committed 11840K, reserved 1048576K
}
Event: 15.229 GC heap before
{Heap before GC invocations=32 (full 0):
 garbage-first heap   total 151552K, used 102114K [0x0000000080000000, 0x0000000100000000)
  region size 1024K, 35 young (35840K), 3 survivors (3072K)
 Metaspace       used 81642K, committed 83520K, reserved 1179648K
  class space    used 11389K, committed 12288K, reserved 1048576K
}
Event: 15.234 GC heap after
{Heap after GC invocations=33 (full 0):
 garbage-first heap   total 151552K, used 73004K [0x0000000080000000, 0x0000000100000000)
  region size 1024K, 6 young (6144K), 6 survivors (6144K)
 Metaspace       used 81642K, committed 83520K, reserved 1179648K
  class space    used 11389K, committed 12288K, reserved 1048576K
}
Event: 16.367 GC heap before
{Heap before GC invocations=34 (full 0):
 garbage-first heap   total 151552K, used 139564K [0x0000000080000000, 0x0000000100000000)
  region size 1024K, 66 young (67584K), 6 survivors (6144K)
 Metaspace       used 84822K, committed 86720K, reserved 1179648K
  class space    used 11838K, committed 12736K, reserved 1048576K
}
Event: 16.375 GC heap after
{Heap after GC invocations=35 (full 0):
 garbage-first heap   total 151552K, used 78285K [0x0000000080000000, 0x0000000100000000)
  region size 1024K, 7 young (7168K), 7 survivors (7168K)
 Metaspace       used 84822K, committed 86720K, reserved 1179648K
  class space    used 11838K, committed 12736K, reserved 1048576K
}
Event: 17.574 GC heap before
{Heap before GC invocations=35 (full 0):
 garbage-first heap   total 151552K, used 136653K [0x0000000080000000, 0x0000000100000000)
  region size 1024K, 64 young (65536K), 7 survivors (7168K)
 Metaspace       used 88474K, committed 90368K, reserved 1179648K
  class space    used 12308K, committed 13248K, reserved 1048576K
}
Event: 17.582 GC heap after
{Heap after GC invocations=36 (full 0):
 garbage-first heap   total 151552K, used 80427K [0x0000000080000000, 0x0000000100000000)
  region size 1024K, 3 young (3072K), 3 survivors (3072K)
 Metaspace       used 88474K, committed 90368K, reserved 1179648K
  class space    used 12308K, committed 13248K, reserved 1048576K
}
Event: 18.826 GC heap before
{Heap before GC invocations=36 (full 0):
 garbage-first heap   total 151552K, used 137771K [0x0000000080000000, 0x0000000100000000)
  region size 1024K, 59 young (60416K), 3 survivors (3072K)
 Metaspace       used 92429K, committed 94336K, reserved 1179648K
  class space    used 12964K, committed 13888K, reserved 1048576K
}
Event: 18.832 GC heap after
{Heap after GC invocations=37 (full 0):
 garbage-first heap   total 151552K, used 82175K [0x0000000080000000, 0x0000000100000000)
  region size 1024K, 5 young (5120K), 5 survivors (5120K)
 Metaspace       used 92429K, committed 94336K, reserved 1179648K
  class space    used 12964K, committed 13888K, reserved 1048576K
}
Event: 20.014 GC heap before
{Heap before GC invocations=38 (full 0):
 garbage-first heap   total 151552K, used 139519K [0x0000000080000000, 0x0000000100000000)
  region size 1024K, 61 young (62464K), 5 survivors (5120K)
 Metaspace       used 96217K, committed 98240K, reserved 1179648K
  class space    used 13624K, committed 14592K, reserved 1048576K
}
Event: 20.020 GC heap after
{Heap after GC invocations=39 (full 0):
 garbage-first heap   total 151552K, used 84667K [0x0000000080000000, 0x0000000100000000)
  region size 1024K, 7 young (7168K), 7 survivors (7168K)
 Metaspace       used 96217K, committed 98240K, reserved 1179648K
  class space    used 13624K, committed 14592K, reserved 1048576K
}
Event: 20.778 GC heap before
{Heap before GC invocations=39 (full 0):
 garbage-first heap   total 151552K, used 140987K [0x0000000080000000, 0x0000000100000000)
  region size 1024K, 62 young (63488K), 7 survivors (7168K)
 Metaspace       used 100304K, committed 102400K, reserved 1179648K
  class space    used 14234K, committed 15232K, reserved 1048576K
}
Event: 20.787 GC heap after
{Heap after GC invocations=40 (full 0):
 garbage-first heap   total 152576K, used 86076K [0x0000000080000000, 0x0000000100000000)
  region size 1024K, 7 young (7168K), 7 survivors (7168K)
 Metaspace       used 100304K, committed 102400K, reserved 1179648K
  class space    used 14234K, committed 15232K, reserved 1048576K
}
Event: 21.594 GC heap before
{Heap before GC invocations=40 (full 0):
 garbage-first heap   total 152576K, used 142396K [0x0000000080000000, 0x0000000100000000)
  region size 1024K, 62 young (63488K), 7 survivors (7168K)
 Metaspace       used 105179K, committed 107264K, reserved 1179648K
  class space    used 14921K, committed 15936K, reserved 1048576K
}
Event: 21.601 GC heap after
{Heap after GC invocations=41 (full 0):
 garbage-first heap   total 153600K, used 88882K [0x0000000080000000, 0x0000000100000000)
  region size 1024K, 6 young (6144K), 6 survivors (6144K)
 Metaspace       used 105179K, committed 107264K, reserved 1179648K
  class space    used 14921K, committed 15936K, reserved 1048576K
}
Event: 22.329 GC heap before
{Heap before GC invocations=42 (full 0):
 garbage-first heap   total 153600K, used 142130K [0x0000000080000000, 0x0000000100000000)
  region size 1024K, 59 young (60416K), 6 survivors (6144K)
 Metaspace       used 108739K, committed 110912K, reserved 1179648K
  class space    used 15332K, committed 16384K, reserved 1048576K
}
Event: 22.337 GC heap after
{Heap after GC invocations=43 (full 0):
 garbage-first heap   total 153600K, used 92477K [0x0000000080000000, 0x0000000100000000)
  region size 1024K, 6 young (6144K), 6 survivors (6144K)
 Metaspace       used 108739K, committed 110912K, reserved 1179648K
  class space    used 15332K, committed 16384K, reserved 1048576K
}

