# JRE version: OpenJDK Runtime Environment (21.0.10) (build 21.0.10+-14961533-b1163.108)
# Java VM: OpenJDK 64-Bit Server VM (21.0.10+-14961533-b1163.108, mixed mode, tiered, compressed oops, compressed class ptrs, g1 gc, windows-amd64)
GC Precious Log:
 CardTable entry size: 512
 Card Set container configuration: InlinePtr #cards 5 size 8 Array Of Cards #cards 12 size 40 Howl #buckets 4 coarsen threshold 1843 Howl Bitmap #cards 512 size 80 coarsen threshold 460 Card regions per heap region 1 cards per card region 2048
 CPUs: 8 total, 8 available
 Memory: 7502M
 Large Page Support: Disabled
 NUMA Support: Disabled
 Compressed Oops: Enabled (32-bit)
 Heap Region Size: 1M
 Heap Min Capacity: 8M
 Heap Initial Capacity: 118M
 Heap Max Capacity: 2G
 Pre-touch: Disabled
 Parallel Workers: 8
 Concurrent Workers: 2
 Concurrent Refinement Workers: 8
 Periodic GC: Disabled
Heap:
 garbage-first heap   total 203776K, used 121758K [0x0000000080000000, 0x0000000100000000)
  region size 1024K, 5 young (5120K), 5 survivors (5120K)
 Metaspace       used 118349K, committed 120704K, reserved 1179648K
  class space    used 16593K, committed 17728K, reserved 1048576K
GC Heap History (20 events):
Event: 20.527 GC heap after
{Heap after GC invocations=40 (full 0):
 garbage-first heap   total 179200K, used 92362K [0x0000000080000000, 0x0000000100000000)
  region size 1024K, 6 young (6144K), 6 survivors (6144K)
 Metaspace       used 103428K, committed 105664K, reserved 1179648K
  class space    used 14600K, committed 15680K, reserved 1048576K
}
Event: 21.444 GC heap before
{Heap before GC invocations=40 (full 0):
 garbage-first heap   total 179200K, used 167114K [0x0000000080000000, 0x0000000100000000)
  region size 1024K, 79 young (80896K), 6 survivors (6144K)
 Metaspace       used 108874K, committed 111104K, reserved 1179648K
  class space    used 15440K, committed 16512K, reserved 1048576K
}
Event: 21.452 GC heap after
{Heap after GC invocations=41 (full 0):
 garbage-first heap   total 179200K, used 95517K [0x0000000080000000, 0x0000000100000000)
  region size 1024K, 9 young (9216K), 9 survivors (9216K)
 Metaspace       used 108874K, committed 111104K, reserved 1179648K
  class space    used 15440K, committed 16512K, reserved 1048576K
}
Event: 22.398 GC heap before
{Heap before GC invocations=42 (full 0):
 garbage-first heap   total 179200K, used 167197K [0x0000000080000000, 0x0000000100000000)
  region size 1024K, 79 young (80896K), 9 survivors (9216K)
 Metaspace       used 112688K, committed 115008K, reserved 1179648K
  class space    used 15983K, committed 17088K, reserved 1048576K
}
Event: 22.409 GC heap after
{Heap after GC invocations=43 (full 0):
 garbage-first heap   total 183296K, used 101919K [0x0000000080000000, 0x0000000100000000)
  region size 1024K, 10 young (10240K), 10 survivors (10240K)
 Metaspace       used 112688K, committed 115008K, reserved 1179648K
  class space    used 15983K, committed 17088K, reserved 1048576K
}
Event: 23.326 GC heap before
{Heap before GC invocations=43 (full 0):
 garbage-first heap   total 183296K, used 174623K [0x0000000080000000, 0x0000000100000000)
  region size 1024K, 77 young (78848K), 10 survivors (10240K)
 Metaspace       used 116882K, committed 119232K, reserved 1179648K
  class space    used 16406K, committed 17536K, reserved 1048576K
}
Event: 23.343 GC heap after
{Heap after GC invocations=44 (full 0):
 garbage-first heap   total 197632K, used 112080K [0x0000000080000000, 0x0000000100000000)
  region size 1024K, 10 young (10240K), 10 survivors (10240K)
 Metaspace       used 116882K, committed 119232K, reserved 1179648K
  class space    used 16406K, committed 17536K, reserved 1048576K
}
Event: 24.054 GC heap before
{Heap before GC invocations=44 (full 0):
 garbage-first heap   total 197632K, used 176592K [0x0000000080000000, 0x0000000100000000)
  region size 1024K, 74 young (75776K), 10 survivors (10240K)
 Metaspace       used 117946K, committed 120256K, reserved 1179648K
  class space    used 16544K, committed 17664K, reserved 1048576K
}
Event: 24.065 GC heap after
{Heap after GC invocations=45 (full 0):
 garbage-first heap   total 197632K, used 118478K [0x0000000080000000, 0x0000000100000000)
  region size 1024K, 6 young (6144K), 6 survivors (6144K)
 Metaspace       used 117946K, committed 120256K, reserved 1179648K
  class space    used 16544K, committed 17664K, reserved 1048576K
}
Event: 24.290 GC heap before
{Heap before GC invocations=46 (full 0):
 garbage-first heap   total 198656K, used 179918K [0x0000000080000000, 0x0000000100000000)
  region size 1024K, 66 young (67584K), 6 survivors (6144K)
 Metaspace       used 117947K, committed 120256K, reserved 1179648K
  class space    used 16544K, committed 17664K, reserved 1048576K
}
Event: 24.295 GC heap after
{Heap after GC invocations=47 (full 0):
 garbage-first heap   total 198656K, used 119848K [0x0000000080000000, 0x0000000100000000)
  region size 1024K, 2 young (2048K), 2 survivors (2048K)
 Metaspace       used 117947K, committed 120256K, reserved 1179648K
  class space    used 16544K, committed 17664K, reserved 1048576K
}
Event: 24.397 GC heap before
{Heap before GC invocations=47 (full 0):
 garbage-first heap   total 198656K, used 183336K [0x0000000080000000, 0x0000000100000000)
  region size 1024K, 64 young (65536K), 2 survivors (2048K)
 Metaspace       used 117948K, committed 120256K, reserved 1179648K
  class space    used 16545K, committed 17664K, reserved 1048576K
}
Event: 24.400 GC heap after
{Heap after GC invocations=48 (full 0):
 garbage-first heap   total 198656K, used 120595K [0x0000000080000000, 0x0000000100000000)
  region size 1024K, 2 young (2048K), 2 survivors (2048K)
 Metaspace       used 117948K, committed 120256K, reserved 1179648K
  class space    used 16545K, committed 17664K, reserved 1048576K
}
Event: 24.706 GC heap before
{Heap before GC invocations=48 (full 0):
 garbage-first heap   total 198656K, used 185107K [0x0000000080000000, 0x0000000100000000)
  region size 1024K, 66 young (67584K), 2 survivors (2048K)
 Metaspace       used 118217K, committed 120512K, reserved 1179648K
  class space    used 16584K, committed 17664K, reserved 1048576K
}
Event: 24.710 GC heap after
{Heap after GC invocations=49 (full 0):
 garbage-first heap   total 198656K, used 121579K [0x0000000080000000, 0x0000000100000000)
  region size 1024K, 3 young (3072K), 3 survivors (3072K)
 Metaspace       used 118217K, committed 120512K, reserved 1179648K
  class space    used 16584K, committed 17664K, reserved 1048576K
}
Event: 24.940 GC heap before
{Heap before GC invocations=50 (full 0):
 garbage-first heap   total 203776K, used 187115K [0x0000000080000000, 0x0000000100000000)
  region size 1024K, 67 young (68608K), 3 survivors (3072K)
 Metaspace       used 118278K, committed 120576K, reserved 1179648K
  class space    used 16590K, committed 17728K, reserved 1048576K
}
Event: 24.945 GC heap after
{Heap after GC invocations=51 (full 0):
 garbage-first heap   total 203776K, used 122211K [0x0000000080000000, 0x0000000100000000)
  region size 1024K, 4 young (4096K), 4 survivors (4096K)
 Metaspace       used 118278K, committed 120576K, reserved 1179648K
  class space    used 16590K, committed 17728K, reserved 1048576K
}
Event: 25.147 GC heap before
{Heap before GC invocations=51 (full 0):
 garbage-first heap   total 203776K, used 190819K [0x0000000080000000, 0x0000000100000000)
  region size 1024K, 72 young (73728K), 4 survivors (4096K)
 Metaspace       used 118347K, committed 120704K, reserved 1179648K
  class space    used 16593K, committed 17728K, reserved 1048576K
}
Event: 25.153 GC heap after
{Heap after GC invocations=52 (full 0):
 garbage-first heap   total 203776K, used 121404K [0x0000000080000000, 0x0000000100000000)
  region size 1024K, 4 young (4096K), 4 survivors (4096K)
 Metaspace       used 118347K, committed 120704K, reserved 1179648K
  class space    used 16593K, committed 17728K, reserved 1048576K
}
Event: 25.237 GC heap before
{Heap before GC invocations=52 (full 0):
 garbage-first heap   total 203776K, used 191036K [0x0000000080000000, 0x0000000100000000)
  region size 1024K, 73 young (74752K), 4 survivors (4096K)
 Metaspace       used 118349K, committed 120704K, reserved 1179648K
  class space    used 16593K, committed 17728K, reserved 1048576K
}

