# JRE version: OpenJDK Runtime Environment (21.0.10) (build 21.0.10+-14961533-b1163.108)
# Java VM: OpenJDK 64-Bit Server VM (21.0.10+-14961533-b1163.108, mixed mode, tiered, compressed oops, compressed class ptrs, g1 gc, windows-amd64)
GC Precious Log:
 CardTable entry size: 512
 Card Set container configuration: InlinePtr #cards 5 size 8 Array Of Cards #cards 12 size 40 Howl #buckets 4 coarsen threshold 1843 Howl Bitmap #cards 512 size 80 coarsen threshold 460 Card regions per heap region 1 cards per card region 2048
 CPUs: 8 total, 8 available
 Memory: 7502M
 Large Page Support: Disabled
 NUMA Support: Disabled
 Compressed Oops: Enabled (32-bit)
 Heap Region Size: 1M
 Heap Min Capacity: 8M
 Heap Initial Capacity: 118M
 Heap Max Capacity: 2G
 Pre-touch: Disabled
 Parallel Workers: 8
 Concurrent Workers: 2
 Concurrent Refinement Workers: 8
 Periodic GC: Disabled
Heap:
 garbage-first heap   total 301056K, used 139660K [0x0000000080000000, 0x0000000100000000)
  region size 1024K, 17 young (17408K), 17 survivors (17408K)
 Metaspace       used 121312K, committed 123712K, reserved 1179648K
  class space    used 16971K, committed 18176K, reserved 1048576K
GC Heap History (20 events):
Event: 27.838 GC heap after
{Heap after GC invocations=55 (full 0):
 garbage-first heap   total 245760K, used 121737K [0x0000000080000000, 0x0000000100000000)
  region size 1024K, 5 young (5120K), 5 survivors (5120K)
 Metaspace       used 118350K, committed 120704K, reserved 1179648K
  class space    used 16588K, committed 17728K, reserved 1048576K
}
Event: 28.107 GC heap before
{Heap before GC invocations=55 (full 0):
 garbage-first heap   total 245760K, used 231305K [0x0000000080000000, 0x0000000100000000)
  region size 1024K, 112 young (114688K), 5 survivors (5120K)
 Metaspace       used 118400K, committed 120768K, reserved 1179648K
  class space    used 16591K, committed 17728K, reserved 1048576K
}
Event: 28.114 GC heap after
{Heap after GC invocations=56 (full 0):
 garbage-first heap   total 245760K, used 122835K [0x0000000080000000, 0x0000000100000000)
  region size 1024K, 6 young (6144K), 6 survivors (6144K)
 Metaspace       used 118400K, committed 120768K, reserved 1179648K
  class space    used 16591K, committed 17728K, reserved 1048576K
}
Event: 28.443 GC heap before
{Heap before GC invocations=56 (full 0):
 garbage-first heap   total 245760K, used 232403K [0x0000000080000000, 0x0000000100000000)
  region size 1024K, 113 young (115712K), 6 survivors (6144K)
 Metaspace       used 119029K, committed 121344K, reserved 1179648K
  class space    used 16715K, committed 17856K, reserved 1048576K
}
Event: 28.450 GC heap after
{Heap after GC invocations=57 (full 0):
 garbage-first heap   total 245760K, used 124100K [0x0000000080000000, 0x0000000100000000)
  region size 1024K, 7 young (7168K), 7 survivors (7168K)
 Metaspace       used 119029K, committed 121344K, reserved 1179648K
  class space    used 16715K, committed 17856K, reserved 1048576K
}
Event: 28.647 GC heap before
{Heap before GC invocations=57 (full 0):
 garbage-first heap   total 245760K, used 231620K [0x0000000080000000, 0x0000000100000000)
  region size 1024K, 113 young (115712K), 7 survivors (7168K)
 Metaspace       used 119448K, committed 121856K, reserved 1179648K
  class space    used 16775K, committed 17920K, reserved 1048576K
}
Event: 28.654 GC heap after
{Heap after GC invocations=58 (full 0):
 garbage-first heap   total 245760K, used 124145K [0x0000000080000000, 0x0000000100000000)
  region size 1024K, 7 young (7168K), 7 survivors (7168K)
 Metaspace       used 119448K, committed 121856K, reserved 1179648K
  class space    used 16775K, committed 17920K, reserved 1048576K
}
Event: 29.035 GC heap before
{Heap before GC invocations=59 (full 0):
 garbage-first heap   total 245760K, used 231665K [0x0000000080000000, 0x0000000100000000)
  region size 1024K, 113 young (115712K), 7 survivors (7168K)
 Metaspace       used 119908K, committed 122304K, reserved 1179648K
  class space    used 16824K, committed 17984K, reserved 1048576K
}
Event: 29.045 GC heap after
{Heap after GC invocations=60 (full 0):
 garbage-first heap   total 245760K, used 126684K [0x0000000080000000, 0x0000000100000000)
  region size 1024K, 10 young (10240K), 10 survivors (10240K)
 Metaspace       used 119908K, committed 122304K, reserved 1179648K
  class space    used 16824K, committed 17984K, reserved 1048576K
}
Event: 29.217 GC heap before
{Heap before GC invocations=60 (full 0):
 garbage-first heap   total 245760K, used 231132K [0x0000000080000000, 0x0000000100000000)
  region size 1024K, 113 young (115712K), 10 survivors (10240K)
 Metaspace       used 119908K, committed 122304K, reserved 1179648K
  class space    used 16824K, committed 17984K, reserved 1048576K
}
Event: 29.227 GC heap after
{Heap after GC invocations=61 (full 0):
 garbage-first heap   total 294912K, used 126228K [0x0000000080000000, 0x0000000100000000)
  region size 1024K, 9 young (9216K), 9 survivors (9216K)
 Metaspace       used 119908K, committed 122304K, reserved 1179648K
  class space    used 16824K, committed 17984K, reserved 1048576K
}
Event: 29.468 GC heap before
{Heap before GC invocations=61 (full 0):
 garbage-first heap   total 294912K, used 277780K [0x0000000080000000, 0x0000000100000000)
  region size 1024K, 158 young (161792K), 9 survivors (9216K)
 Metaspace       used 119926K, committed 122304K, reserved 1179648K
  class space    used 16825K, committed 17984K, reserved 1048576K
}
Event: 29.478 GC heap after
{Heap after GC invocations=62 (full 0):
 garbage-first heap   total 294912K, used 127495K [0x0000000080000000, 0x0000000100000000)
  region size 1024K, 10 young (10240K), 10 survivors (10240K)
 Metaspace       used 119926K, committed 122304K, reserved 1179648K
  class space    used 16825K, committed 17984K, reserved 1048576K
}
Event: 29.798 GC heap before
{Heap before GC invocations=62 (full 0):
 garbage-first heap   total 294912K, used 278023K [0x0000000080000000, 0x0000000100000000)
  region size 1024K, 158 young (161792K), 10 survivors (10240K)
 Metaspace       used 119938K, committed 122304K, reserved 1179648K
  class space    used 16825K, committed 17984K, reserved 1048576K
}
Event: 29.808 GC heap after
{Heap after GC invocations=63 (full 0):
 garbage-first heap   total 294912K, used 129759K [0x0000000080000000, 0x0000000100000000)
  region size 1024K, 13 young (13312K), 13 survivors (13312K)
 Metaspace       used 119938K, committed 122304K, reserved 1179648K
  class space    used 16825K, committed 17984K, reserved 1048576K
}
Event: 30.004 GC heap before
{Heap before GC invocations=63 (full 0):
 garbage-first heap   total 294912K, used 278239K [0x0000000080000000, 0x0000000100000000)
  region size 1024K, 158 young (161792K), 13 survivors (13312K)
 Metaspace       used 119957K, committed 122304K, reserved 1179648K
  class space    used 16826K, committed 17984K, reserved 1048576K
}
Event: 30.013 GC heap after
{Heap after GC invocations=64 (full 0):
 garbage-first heap   total 294912K, used 131279K [0x0000000080000000, 0x0000000100000000)
  region size 1024K, 12 young (12288K), 12 survivors (12288K)
 Metaspace       used 119957K, committed 122304K, reserved 1179648K
  class space    used 16826K, committed 17984K, reserved 1048576K
}
Event: 30.212 GC heap before
{Heap before GC invocations=65 (full 0):
 garbage-first heap   total 294912K, used 277711K [0x0000000080000000, 0x0000000100000000)
  region size 1024K, 156 young (159744K), 12 survivors (12288K)
 Metaspace       used 119958K, committed 122304K, reserved 1179648K
  class space    used 16826K, committed 17984K, reserved 1048576K
}
Event: 30.221 GC heap after
{Heap after GC invocations=66 (full 0):
 garbage-first heap   total 294912K, used 132985K [0x0000000080000000, 0x0000000100000000)
  region size 1024K, 13 young (13312K), 13 survivors (13312K)
 Metaspace       used 119958K, committed 122304K, reserved 1179648K
  class space    used 16826K, committed 17984K, reserved 1048576K
}
Event: 30.757 GC heap before
{Heap before GC invocations=66 (full 0):
 garbage-first heap   total 294912K, used 277369K [0x0000000080000000, 0x0000000100000000)
  region size 1024K, 155 young (158720K), 13 survivors (13312K)
 Metaspace       used 121312K, committed 123712K, reserved 1179648K
  class space    used 16971K, committed 18176K, reserved 1048576K
}

