# JRE version: OpenJDK Runtime Environment (21.0.10) (build 21.0.10+-14961533-b1163.108)
# Java VM: OpenJDK 64-Bit Server VM (21.0.10+-14961533-b1163.108, mixed mode, tiered, compressed oops, compressed class ptrs, g1 gc, windows-amd64)
GC Precious Log:
 CardTable entry size: 512
 Card Set container configuration: InlinePtr #cards 5 size 8 Array Of Cards #cards 12 size 40 Howl #buckets 4 coarsen threshold 1843 Howl Bitmap #cards 512 size 80 coarsen threshold 460 Card regions per heap region 1 cards per card region 2048
 CPUs: 8 total, 8 available
 Memory: 7502M
 Large Page Support: Disabled
 NUMA Support: Disabled
 Compressed Oops: Enabled (32-bit)
 Heap Region Size: 1M
 Heap Min Capacity: 8M
 Heap Initial Capacity: 118M
 Heap Max Capacity: 2G
 Pre-touch: Disabled
 Parallel Workers: 8
 Concurrent Workers: 2
 Concurrent Refinement Workers: 8
 Periodic GC: Disabled
Heap:
 garbage-first heap   total 244736K, used 129623K [0x0000000080000000, 0x0000000100000000)
  region size 1024K, 8 young (8192K), 8 survivors (8192K)
 Metaspace       used 122022K, committed 124352K, reserved 1179648K
  class space    used 17081K, committed 18240K, reserved 1048576K
GC Heap History (20 events):
Event: 24.741 GC heap after
{Heap after GC invocations=51 (full 0):
 garbage-first heap   total 203776K, used 121904K [0x0000000080000000, 0x0000000100000000)
  region size 1024K, 5 young (5120K), 5 survivors (5120K)
 Metaspace       used 117904K, committed 120192K, reserved 1179648K
  class space    used 16533K, committed 17664K, reserved 1048576K
}
Event: 25.122 GC heap before
{Heap before GC invocations=51 (full 0):
 garbage-first heap   total 203776K, used 189488K [0x0000000080000000, 0x0000000100000000)
  region size 1024K, 71 young (72704K), 5 survivors (5120K)
 Metaspace       used 118196K, committed 120512K, reserved 1179648K
  class space    used 16572K, committed 17728K, reserved 1048576K
}
Event: 25.128 GC heap after
{Heap after GC invocations=52 (full 0):
 garbage-first heap   total 203776K, used 121916K [0x0000000080000000, 0x0000000100000000)
  region size 1024K, 6 young (6144K), 6 survivors (6144K)
 Metaspace       used 118196K, committed 120512K, reserved 1179648K
  class space    used 16572K, committed 17728K, reserved 1048576K
}
Event: 25.265 GC heap before
{Heap before GC invocations=52 (full 0):
 garbage-first heap   total 203776K, used 190524K [0x0000000080000000, 0x0000000100000000)
  region size 1024K, 74 young (75776K), 6 survivors (6144K)
 Metaspace       used 118197K, committed 120512K, reserved 1179648K
  class space    used 16572K, committed 17728K, reserved 1048576K
}
Event: 25.270 GC heap after
{Heap after GC invocations=53 (full 0):
 garbage-first heap   total 244736K, used 122618K [0x0000000080000000, 0x0000000100000000)
  region size 1024K, 4 young (4096K), 4 survivors (4096K)
 Metaspace       used 118197K, committed 120512K, reserved 1179648K
  class space    used 16572K, committed 17728K, reserved 1048576K
}
Event: 25.560 GC heap before
{Heap before GC invocations=54 (full 0):
 garbage-first heap   total 244736K, used 228090K [0x0000000080000000, 0x0000000100000000)
  region size 1024K, 108 young (110592K), 4 survivors (4096K)
 Metaspace       used 118270K, committed 120640K, reserved 1179648K
  class space    used 16578K, committed 17728K, reserved 1048576K
}
Event: 25.565 GC heap after
{Heap after GC invocations=55 (full 0):
 garbage-first heap   total 244736K, used 123560K [0x0000000080000000, 0x0000000100000000)
  region size 1024K, 5 young (5120K), 5 survivors (5120K)
 Metaspace       used 118270K, committed 120640K, reserved 1179648K
  class space    used 16578K, committed 17728K, reserved 1048576K
}
Event: 26.481 GC heap before
{Heap before GC invocations=55 (full 0):
 garbage-first heap   total 244736K, used 229032K [0x0000000080000000, 0x0000000100000000)
  region size 1024K, 109 young (111616K), 5 survivors (5120K)
 Metaspace       used 121566K, committed 123904K, reserved 1179648K
  class space    used 17000K, committed 18112K, reserved 1048576K
}
Event: 26.489 GC heap after
{Heap after GC invocations=56 (full 0):
 garbage-first heap   total 244736K, used 126795K [0x0000000080000000, 0x0000000100000000)
  region size 1024K, 8 young (8192K), 8 survivors (8192K)
 Metaspace       used 121566K, committed 123904K, reserved 1179648K
  class space    used 17000K, committed 18112K, reserved 1048576K
}
Event: 26.772 GC heap before
{Heap before GC invocations=56 (full 0):
 garbage-first heap   total 244736K, used 230219K [0x0000000080000000, 0x0000000100000000)
  region size 1024K, 110 young (112640K), 8 survivors (8192K)
 Metaspace       used 121973K, committed 124352K, reserved 1179648K
  class space    used 17075K, committed 18240K, reserved 1048576K
}
Event: 26.780 GC heap after
{Heap after GC invocations=57 (full 0):
 garbage-first heap   total 244736K, used 127844K [0x0000000080000000, 0x0000000100000000)
  region size 1024K, 9 young (9216K), 9 survivors (9216K)
 Metaspace       used 121973K, committed 124352K, reserved 1179648K
  class space    used 17075K, committed 18240K, reserved 1048576K
}
Event: 27.088 GC heap before
{Heap before GC invocations=58 (full 0):
 garbage-first heap   total 244736K, used 229220K [0x0000000080000000, 0x0000000100000000)
  region size 1024K, 109 young (111616K), 9 survivors (9216K)
 Metaspace       used 121986K, committed 124352K, reserved 1179648K
  class space    used 17077K, committed 18240K, reserved 1048576K
}
Event: 27.097 GC heap after
{Heap after GC invocations=59 (full 0):
 garbage-first heap   total 244736K, used 128428K [0x0000000080000000, 0x0000000100000000)
  region size 1024K, 8 young (8192K), 8 survivors (8192K)
 Metaspace       used 121986K, committed 124352K, reserved 1179648K
  class space    used 17077K, committed 18240K, reserved 1048576K
}
Event: 27.260 GC heap before
{Heap before GC invocations=59 (full 0):
 garbage-first heap   total 244736K, used 229804K [0x0000000080000000, 0x0000000100000000)
  region size 1024K, 108 young (110592K), 8 survivors (8192K)
 Metaspace       used 121986K, committed 124352K, reserved 1179648K
  class space    used 17077K, committed 18240K, reserved 1048576K
}
Event: 27.268 GC heap after
{Heap after GC invocations=60 (full 0):
 garbage-first heap   total 244736K, used 128479K [0x0000000080000000, 0x0000000100000000)
  region size 1024K, 8 young (8192K), 8 survivors (8192K)
 Metaspace       used 121986K, committed 124352K, reserved 1179648K
  class space    used 17077K, committed 18240K, reserved 1048576K
}
Event: 27.572 GC heap before
{Heap before GC invocations=60 (full 0):
 garbage-first heap   total 244736K, used 230879K [0x0000000080000000, 0x0000000100000000)
  region size 1024K, 108 young (110592K), 8 survivors (8192K)
 Metaspace       used 122021K, committed 124352K, reserved 1179648K
  class space    used 17080K, committed 18240K, reserved 1048576K
}
Event: 27.581 GC heap after
{Heap after GC invocations=61 (full 0):
 garbage-first heap   total 244736K, used 129087K [0x0000000080000000, 0x0000000100000000)
  region size 1024K, 9 young (9216K), 9 survivors (9216K)
 Metaspace       used 122021K, committed 124352K, reserved 1179648K
  class space    used 17080K, committed 18240K, reserved 1048576K
}
Event: 27.822 GC heap before
{Heap before GC invocations=62 (full 0):
 garbage-first heap   total 244736K, used 229439K [0x0000000080000000, 0x0000000100000000)
  region size 1024K, 108 young (110592K), 9 survivors (9216K)
 Metaspace       used 122022K, committed 124352K, reserved 1179648K
  class space    used 17081K, committed 18240K, reserved 1048576K
}
Event: 27.829 GC heap after
{Heap after GC invocations=63 (full 0):
 garbage-first heap   total 244736K, used 129659K [0x0000000080000000, 0x0000000100000000)
  region size 1024K, 8 young (8192K), 8 survivors (8192K)
 Metaspace       used 122022K, committed 124352K, reserved 1179648K
  class space    used 17081K, committed 18240K, reserved 1048576K
}
Event: 28.019 GC heap before
{Heap before GC invocations=63 (full 0):
 garbage-first heap   total 244736K, used 230011K [0x0000000080000000, 0x0000000100000000)
  region size 1024K, 106 young (108544K), 8 survivors (8192K)
 Metaspace       used 122022K, committed 124352K, reserved 1179648K
  class space    used 17081K, committed 18240K, reserved 1048576K
}

