# JRE version: OpenJDK Runtime Environment (21.0.10) (build 21.0.10+-14961533-b1163.108)
# Java VM: OpenJDK 64-Bit Server VM (21.0.10+-14961533-b1163.108, mixed mode, tiered, compressed oops, compressed class ptrs, g1 gc, windows-amd64)
GC Precious Log:
 CardTable entry size: 512
 Card Set container configuration: InlinePtr #cards 5 size 8 Array Of Cards #cards 12 size 40 Howl #buckets 4 coarsen threshold 1843 Howl Bitmap #cards 512 size 80 coarsen threshold 460 Card regions per heap region 1 cards per card region 2048
 CPUs: 8 total, 8 available
 Memory: 7502M
 Large Page Support: Disabled
 NUMA Support: Disabled
 Compressed Oops: Enabled (32-bit)
 Heap Region Size: 1M
 Heap Min Capacity: 8M
 Heap Initial Capacity: 118M
 Heap Max Capacity: 2G
 Pre-touch: Disabled
 Parallel Workers: 8
 Concurrent Workers: 2
 Concurrent Refinement Workers: 8
 Periodic GC: Disabled
Heap:
 garbage-first heap   total 444416K, used 429013K [0x0000000080000000, 0x0000000100000000)
  region size 1024K, 178 young (182272K), 13 survivors (13312K)
 Metaspace       used 137704K, committed 140160K, reserved 1179648K
  class space    used 18819K, committed 20032K, reserved 1048576K
GC Heap History (20 events):
Event: 39.304 GC heap after
{Heap after GC invocations=52 (full 0):
 garbage-first heap   total 196608K, used 123978K [0x0000000080000000, 0x0000000100000000)
  region size 1024K, 4 young (4096K), 4 survivors (4096K)
 Metaspace       used 127043K, committed 129408K, reserved 1179648K
  class space    used 17471K, committed 18624K, reserved 1048576K
}
Event: 39.504 GC heap before
{Heap before GC invocations=52 (full 0):
 garbage-first heap   total 196608K, used 178250K [0x0000000080000000, 0x0000000100000000)
  region size 1024K, 58 young (59392K), 4 survivors (4096K)
 Metaspace       used 127054K, committed 129408K, reserved 1179648K
  class space    used 17471K, committed 18624K, reserved 1048576K
}
Event: 39.510 GC heap after
{Heap after GC invocations=53 (full 0):
 garbage-first heap   total 196608K, used 124807K [0x0000000080000000, 0x0000000100000000)
  region size 1024K, 5 young (5120K), 5 survivors (5120K)
 Metaspace       used 127054K, committed 129408K, reserved 1179648K
  class space    used 17471K, committed 18624K, reserved 1048576K
}
Event: 39.740 GC heap before
{Heap before GC invocations=54 (full 0):
 garbage-first heap   total 209920K, used 182151K [0x0000000080000000, 0x0000000100000000)
  region size 1024K, 61 young (62464K), 5 survivors (5120K)
 Metaspace       used 127056K, committed 129408K, reserved 1179648K
  class space    used 17472K, committed 18624K, reserved 1048576K
}
Event: 39.745 GC heap after
{Heap after GC invocations=55 (full 0):
 garbage-first heap   total 209920K, used 125408K [0x0000000080000000, 0x0000000100000000)
  region size 1024K, 5 young (5120K), 5 survivors (5120K)
 Metaspace       used 127056K, committed 129408K, reserved 1179648K
  class space    used 17472K, committed 18624K, reserved 1048576K
}
Event: 40.027 GC heap before
{Heap before GC invocations=55 (full 0):
 garbage-first heap   total 209920K, used 194016K [0x0000000080000000, 0x0000000100000000)
  region size 1024K, 73 young (74752K), 5 survivors (5120K)
 Metaspace       used 127673K, committed 130048K, reserved 1179648K
  class space    used 17563K, committed 18688K, reserved 1048576K
}
Event: 40.035 GC heap after
{Heap after GC invocations=56 (full 0):
 garbage-first heap   total 209920K, used 124954K [0x0000000080000000, 0x0000000100000000)
  region size 1024K, 6 young (6144K), 6 survivors (6144K)
 Metaspace       used 127673K, committed 130048K, reserved 1179648K
  class space    used 17563K, committed 18688K, reserved 1048576K
}
Event: 40.333 GC heap before
{Heap before GC invocations=56 (full 0):
 garbage-first heap   total 209920K, used 195610K [0x0000000080000000, 0x0000000100000000)
  region size 1024K, 76 young (77824K), 6 survivors (6144K)
 Metaspace       used 128369K, committed 130816K, reserved 1179648K
  class space    used 17656K, committed 18880K, reserved 1048576K
}
Event: 40.340 GC heap after
{Heap after GC invocations=57 (full 0):
 garbage-first heap   total 209920K, used 125795K [0x0000000080000000, 0x0000000100000000)
  region size 1024K, 4 young (4096K), 4 survivors (4096K)
 Metaspace       used 128369K, committed 130816K, reserved 1179648K
  class space    used 17656K, committed 18880K, reserved 1048576K
}
Event: 40.513 GC heap before
{Heap before GC invocations=57 (full 0):
 garbage-first heap   total 211968K, used 197475K [0x0000000080000000, 0x0000000100000000)
  region size 1024K, 74 young (75776K), 4 survivors (4096K)
 Metaspace       used 128599K, committed 131072K, reserved 1179648K
  class space    used 17684K, committed 18880K, reserved 1048576K
}
Event: 40.520 GC heap after
{Heap after GC invocations=58 (full 0):
 garbage-first heap   total 424960K, used 125817K [0x0000000080000000, 0x0000000100000000)
  region size 1024K, 4 young (4096K), 4 survivors (4096K)
 Metaspace       used 128599K, committed 131072K, reserved 1179648K
  class space    used 17684K, committed 18880K, reserved 1048576K
}
Event: 41.222 GC heap before
{Heap before GC invocations=59 (full 0):
 garbage-first heap   total 424960K, used 375673K [0x0000000080000000, 0x0000000100000000)
  region size 1024K, 249 young (254976K), 4 survivors (4096K)
 Metaspace       used 128910K, committed 131392K, reserved 1179648K
  class space    used 17731K, committed 18944K, reserved 1048576K
}
Event: 41.228 GC heap after
{Heap after GC invocations=60 (full 0):
 garbage-first heap   total 424960K, used 127731K [0x0000000080000000, 0x0000000100000000)
  region size 1024K, 6 young (6144K), 6 survivors (6144K)
 Metaspace       used 128910K, committed 131392K, reserved 1179648K
  class space    used 17731K, committed 18944K, reserved 1048576K
}
Event: 42.303 GC heap before
{Heap before GC invocations=60 (full 0):
 garbage-first heap   total 424960K, used 375539K [0x0000000080000000, 0x0000000100000000)
  region size 1024K, 249 young (254976K), 6 survivors (6144K)
 Metaspace       used 132503K, committed 134912K, reserved 1179648K
  class space    used 18166K, committed 19328K, reserved 1048576K
}
Event: 42.317 GC heap after
{Heap after GC invocations=61 (full 0):
 garbage-first heap   total 424960K, used 131908K [0x0000000080000000, 0x0000000100000000)
  region size 1024K, 11 young (11264K), 11 survivors (11264K)
 Metaspace       used 132503K, committed 134912K, reserved 1179648K
  class space    used 18166K, committed 19328K, reserved 1048576K
}
Event: 42.752 GC heap before
{Heap before GC invocations=61 (full 0):
 garbage-first heap   total 424960K, used 321348K [0x0000000080000000, 0x0000000100000000)
  region size 1024K, 197 young (201728K), 11 survivors (11264K)
 Metaspace       used 132974K, committed 135488K, reserved 1179648K
  class space    used 18238K, committed 19456K, reserved 1048576K
}
Event: 42.764 GC heap after
{Heap after GC invocations=62 (full 0):
 garbage-first heap   total 424960K, used 132998K [0x0000000080000000, 0x0000000100000000)
  region size 1024K, 12 young (12288K), 12 survivors (12288K)
 Metaspace       used 132974K, committed 135488K, reserved 1179648K
  class space    used 18238K, committed 19456K, reserved 1048576K
}
Event: 43.829 GC heap before
{Heap before GC invocations=63 (full 0):
 garbage-first heap   total 424960K, used 406406K [0x0000000080000000, 0x0000000100000000)
  region size 1024K, 249 young (254976K), 12 survivors (12288K)
 Metaspace       used 135512K, committed 137984K, reserved 1179648K
  class space    used 18541K, committed 19776K, reserved 1048576K
}
Event: 43.842 GC heap after
{Heap after GC invocations=64 (full 0):
 garbage-first heap   total 430080K, used 174037K [0x0000000080000000, 0x0000000100000000)
  region size 1024K, 21 young (21504K), 21 survivors (21504K)
 Metaspace       used 135512K, committed 137984K, reserved 1179648K
  class space    used 18541K, committed 19776K, reserved 1048576K
}
Event: 44.910 GC heap before
{Heap before GC invocations=64 (full 0):
 garbage-first heap   total 430080K, used 427989K [0x0000000080000000, 0x0000000100000000)
  region size 1024K, 186 young (190464K), 21 survivors (21504K)
 Metaspace       used 137704K, committed 140160K, reserved 1179648K
  class space    used 18819K, committed 20032K, reserved 1048576K
}

