# JRE version: OpenJDK Runtime Environment (21.0.10) (build 21.0.10+-14961533-b1163.108)
# Java VM: OpenJDK 64-Bit Server VM (21.0.10+-14961533-b1163.108, mixed mode, tiered, compressed oops, compressed class ptrs, g1 gc, windows-amd64)
GC Precious Log:
 CardTable entry size: 512
 Card Set container configuration: InlinePtr #cards 5 size 8 Array Of Cards #cards 12 size 40 Howl #buckets 4 coarsen threshold 1843 Howl Bitmap #cards 512 size 80 coarsen threshold 460 Card regions per heap region 1 cards per card region 2048
 CPUs: 8 total, 8 available
 Memory: 7502M
 Large Page Support: Disabled
 NUMA Support: Disabled
 Compressed Oops: Enabled (32-bit)
 Heap Region Size: 1M
 Heap Min Capacity: 8M
 Heap Initial Capacity: 118M
 Heap Max Capacity: 1876M
 Pre-touch: Disabled
 Parallel Workers: 8
 Concurrent Workers: 2
 Concurrent Refinement Workers: 8
 Periodic GC: Disabled
Heap:
 garbage-first heap   total 96256K, used 65536K [0x000000008ac00000, 0x0000000100000000)
  region size 1024K, 12 young (12288K), 2 survivors (2048K)
 Metaspace       used 58499K, committed 58816K, reserved 1114112K
  class space    used 6876K, committed 7040K, reserved 1048576K
GC Heap History (20 events):
Event: 7.180 GC heap before
{Heap before GC invocations=11 (full 0):
 garbage-first heap   total 45056K, used 37028K [0x000000008ac00000, 0x0000000100000000)
  region size 1024K, 17 young (17408K), 2 survivors (2048K)
 Metaspace       used 47390K, committed 47680K, reserved 1114112K
  class space    used 5680K, committed 5824K, reserved 1048576K
}
Event: 7.184 GC heap after
{Heap after GC invocations=12 (full 0):
 garbage-first heap   total 45056K, used 23430K [0x000000008ac00000, 0x0000000100000000)
  region size 1024K, 3 young (3072K), 3 survivors (3072K)
 Metaspace       used 47390K, committed 47680K, reserved 1114112K
  class space    used 5680K, committed 5824K, reserved 1048576K
}
Event: 7.812 GC heap before
{Heap before GC invocations=13 (full 0):
 garbage-first heap   total 45056K, used 38790K [0x000000008ac00000, 0x0000000100000000)
  region size 1024K, 18 young (18432K), 3 survivors (3072K)
 Metaspace       used 49202K, committed 49472K, reserved 1114112K
  class space    used 5867K, committed 6016K, reserved 1048576K
}
Event: 7.823 GC heap after
{Heap after GC invocations=14 (full 0):
 garbage-first heap   total 45056K, used 26309K [0x000000008ac00000, 0x0000000100000000)
  region size 1024K, 3 young (3072K), 3 survivors (3072K)
 Metaspace       used 49202K, committed 49472K, reserved 1114112K
  class space    used 5867K, committed 6016K, reserved 1048576K
}
Event: 8.249 GC heap before
{Heap before GC invocations=14 (full 0):
 garbage-first heap   total 45056K, used 38597K [0x000000008ac00000, 0x0000000100000000)
  region size 1024K, 15 young (15360K), 3 survivors (3072K)
 Metaspace       used 49697K, committed 49984K, reserved 1114112K
  class space    used 5897K, committed 6016K, reserved 1048576K
}
Event: 8.263 GC heap after
{Heap after GC invocations=15 (full 0):
 garbage-first heap   total 47104K, used 30471K [0x000000008ac00000, 0x0000000100000000)
  region size 1024K, 2 young (2048K), 2 survivors (2048K)
 Metaspace       used 49697K, committed 49984K, reserved 1114112K
  class space    used 5897K, committed 6016K, reserved 1048576K
}
Event: 8.413 GC heap before
{Heap before GC invocations=15 (full 0):
 garbage-first heap   total 47104K, used 40711K [0x000000008ac00000, 0x0000000100000000)
  region size 1024K, 12 young (12288K), 2 survivors (2048K)
 Metaspace       used 49733K, committed 49984K, reserved 1114112K
  class space    used 5897K, committed 6016K, reserved 1048576K
}
Event: 8.424 GC heap after
{Heap after GC invocations=16 (full 0):
 garbage-first heap   total 47104K, used 34597K [0x000000008ac00000, 0x0000000100000000)
  region size 1024K, 2 young (2048K), 2 survivors (2048K)
 Metaspace       used 49733K, committed 49984K, reserved 1114112K
  class space    used 5897K, committed 6016K, reserved 1048576K
}
Event: 8.509 GC heap before
{Heap before GC invocations=17 (full 0):
 garbage-first heap   total 58368K, used 40741K [0x000000008ac00000, 0x0000000100000000)
  region size 1024K, 8 young (8192K), 2 survivors (2048K)
 Metaspace       used 49755K, committed 50048K, reserved 1114112K
  class space    used 5898K, committed 6016K, reserved 1048576K
}
Event: 8.516 GC heap after
{Heap after GC invocations=18 (full 0):
 garbage-first heap   total 70656K, used 37227K [0x000000008ac00000, 0x0000000100000000)
  region size 1024K, 1 young (1024K), 1 survivors (1024K)
 Metaspace       used 49755K, committed 50048K, reserved 1114112K
  class space    used 5898K, committed 6016K, reserved 1048576K
}
Event: 9.956 GC heap before
{Heap before GC invocations=18 (full 0):
 garbage-first heap   total 70656K, used 54635K [0x000000008ac00000, 0x0000000100000000)
  region size 1024K, 19 young (19456K), 1 survivors (1024K)
 Metaspace       used 52609K, committed 52928K, reserved 1114112K
  class space    used 6211K, committed 6336K, reserved 1048576K
}
Event: 9.968 GC heap after
{Heap after GC invocations=19 (full 0):
 garbage-first heap   total 70656K, used 40557K [0x000000008ac00000, 0x0000000100000000)
  region size 1024K, 3 young (3072K), 3 survivors (3072K)
 Metaspace       used 52609K, committed 52928K, reserved 1114112K
  class space    used 6211K, committed 6336K, reserved 1048576K
}
Event: 10.629 GC heap before
{Heap before GC invocations=19 (full 0):
 garbage-first heap   total 70656K, used 56941K [0x000000008ac00000, 0x0000000100000000)
  region size 1024K, 20 young (20480K), 3 survivors (3072K)
 Metaspace       used 54170K, committed 54400K, reserved 1114112K
  class space    used 6375K, committed 6464K, reserved 1048576K
}
Event: 10.642 GC heap after
{Heap after GC invocations=20 (full 0):
 garbage-first heap   total 70656K, used 45505K [0x000000008ac00000, 0x0000000100000000)
  region size 1024K, 3 young (3072K), 3 survivors (3072K)
 Metaspace       used 54170K, committed 54400K, reserved 1114112K
  class space    used 6375K, committed 6464K, reserved 1048576K
}
Event: 10.967 GC heap before
{Heap before GC invocations=21 (full 0):
 garbage-first heap   total 76800K, used 59841K [0x000000008ac00000, 0x0000000100000000)
  region size 1024K, 17 young (17408K), 3 survivors (3072K)
 Metaspace       used 54743K, committed 54976K, reserved 1114112K
  class space    used 6435K, committed 6528K, reserved 1048576K
}
Event: 10.978 GC heap after
{Heap after GC invocations=22 (full 0):
 garbage-first heap   total 76800K, used 49923K [0x000000008ac00000, 0x0000000100000000)
  region size 1024K, 3 young (3072K), 3 survivors (3072K)
 Metaspace       used 54743K, committed 54976K, reserved 1114112K
  class space    used 6435K, committed 6528K, reserved 1048576K
}
Event: 11.288 GC heap before
{Heap before GC invocations=22 (full 0):
 garbage-first heap   total 76800K, used 64259K [0x000000008ac00000, 0x0000000100000000)
  region size 1024K, 17 young (17408K), 3 survivors (3072K)
 Metaspace       used 55338K, committed 55616K, reserved 1114112K
  class space    used 6521K, committed 6656K, reserved 1048576K
}
Event: 11.303 GC heap after
{Heap after GC invocations=23 (full 0):
 garbage-first heap   total 76800K, used 54153K [0x000000008ac00000, 0x0000000100000000)
  region size 1024K, 3 young (3072K), 3 survivors (3072K)
 Metaspace       used 55338K, committed 55616K, reserved 1114112K
  class space    used 6521K, committed 6656K, reserved 1048576K
}
Event: 12.196 GC heap before
{Heap before GC invocations=23 (full 0):
 garbage-first heap   total 76800K, used 66441K [0x000000008ac00000, 0x0000000100000000)
  region size 1024K, 15 young (15360K), 3 survivors (3072K)
 Metaspace       used 56441K, committed 56768K, reserved 1114112K
  class space    used 6666K, committed 6784K, reserved 1048576K
}
Event: 12.208 GC heap after
{Heap after GC invocations=24 (full 0):
 garbage-first heap   total 76800K, used 57344K [0x000000008ac00000, 0x0000000100000000)
  region size 1024K, 2 young (2048K), 2 survivors (2048K)
 Metaspace       used 56441K, committed 56768K, reserved 1114112K
  class space    used 6666K, committed 6784K, reserved 1048576K
}

