# JRE version: OpenJDK Runtime Environment (21.0.10) (build 21.0.10+-14961533-b1163.108)
# Java VM: OpenJDK 64-Bit Server VM (21.0.10+-14961533-b1163.108, mixed mode, tiered, compressed oops, compressed class ptrs, g1 gc, windows-amd64)
GC Precious Log:
 CardTable entry size: 512
 Card Set container configuration: InlinePtr #cards 5 size 8 Array Of Cards #cards 12 size 40 Howl #buckets 4 coarsen threshold 1843 Howl Bitmap #cards 512 size 80 coarsen threshold 460 Card regions per heap region 1 cards per card region 2048
 CPUs: 8 total, 8 available
 Memory: 7502M
 Large Page Support: Disabled
 NUMA Support: Disabled
 Compressed Oops: Enabled (32-bit)
 Heap Region Size: 1M
 Heap Min Capacity: 8M
 Heap Initial Capacity: 118M
 Heap Max Capacity: 2G
 Pre-touch: Disabled
 Parallel Workers: 8
 Concurrent Workers: 2
 Concurrent Refinement Workers: 8
 Periodic GC: Disabled
Heap:
 garbage-first heap   total 92160K, used 51648K [0x0000000080000000, 0x0000000100000000)
  region size 1024K, 3 young (3072K), 3 survivors (3072K)
 Metaspace       used 71346K, committed 73216K, reserved 1114112K
  class space    used 10188K, committed 11072K, reserved 1048576K
GC Heap History (20 events):
Event: 6.340 GC heap after
{Heap after GC invocations=12 (full 0):
 garbage-first heap   total 71680K, used 30075K [0x0000000080000000, 0x0000000100000000)
  region size 1024K, 5 young (5120K), 5 survivors (5120K)
 Metaspace       used 44730K, committed 45952K, reserved 1114112K
  class space    used 6283K, committed 6848K, reserved 1048576K
}
Event: 7.077 GC heap before
{Heap before GC invocations=12 (full 0):
 garbage-first heap   total 71680K, used 63867K [0x0000000080000000, 0x0000000100000000)
  region size 1024K, 38 young (38912K), 5 survivors (5120K)
 Metaspace       used 50035K, committed 51456K, reserved 1114112K
  class space    used 6927K, committed 7616K, reserved 1048576K
}
Event: 7.084 GC heap after
{Heap after GC invocations=13 (full 0):
 garbage-first heap   total 73728K, used 33930K [0x0000000080000000, 0x0000000100000000)
  region size 1024K, 5 young (5120K), 5 survivors (5120K)
 Metaspace       used 50035K, committed 51456K, reserved 1114112K
  class space    used 6927K, committed 7616K, reserved 1048576K
}
Event: 7.645 GC heap before
{Heap before GC invocations=13 (full 0):
 garbage-first heap   total 73728K, used 64650K [0x0000000080000000, 0x0000000100000000)
  region size 1024K, 35 young (35840K), 5 survivors (5120K)
 Metaspace       used 53948K, committed 55424K, reserved 1114112K
  class space    used 7577K, committed 8256K, reserved 1048576K
}
Event: 7.650 GC heap after
{Heap after GC invocations=14 (full 0):
 garbage-first heap   total 73728K, used 36463K [0x0000000080000000, 0x0000000100000000)
  region size 1024K, 2 young (2048K), 2 survivors (2048K)
 Metaspace       used 53948K, committed 55424K, reserved 1114112K
  class space    used 7577K, committed 8256K, reserved 1048576K
}
Event: 8.158 GC heap before
{Heap before GC invocations=14 (full 0):
 garbage-first heap   total 73728K, used 61039K [0x0000000080000000, 0x0000000100000000)
  region size 1024K, 27 young (27648K), 2 survivors (2048K)
 Metaspace       used 55331K, committed 56896K, reserved 1114112K
  class space    used 7797K, committed 8576K, reserved 1048576K
}
Event: 8.163 GC heap after
{Heap after GC invocations=15 (full 0):
 garbage-first heap   total 73728K, used 38912K [0x0000000080000000, 0x0000000100000000)
  region size 1024K, 4 young (4096K), 4 survivors (4096K)
 Metaspace       used 55331K, committed 56896K, reserved 1114112K
  class space    used 7797K, committed 8576K, reserved 1048576K
}
Event: 8.598 GC heap before
{Heap before GC invocations=16 (full 0):
 garbage-first heap   total 73728K, used 68608K [0x0000000080000000, 0x0000000100000000)
  region size 1024K, 31 young (31744K), 4 survivors (4096K)
 Metaspace       used 56415K, committed 58048K, reserved 1114112K
  class space    used 7978K, committed 8768K, reserved 1048576K
}
Event: 8.602 GC heap after
{Heap after GC invocations=17 (full 0):
 garbage-first heap   total 92160K, used 43212K [0x0000000080000000, 0x0000000100000000)
  region size 1024K, 3 young (3072K), 3 survivors (3072K)
 Metaspace       used 56415K, committed 58048K, reserved 1114112K
  class space    used 7978K, committed 8768K, reserved 1048576K
}
Event: 8.946 GC heap before
{Heap before GC invocations=17 (full 0):
 garbage-first heap   total 92160K, used 75980K [0x0000000080000000, 0x0000000100000000)
  region size 1024K, 36 young (36864K), 3 survivors (3072K)
 Metaspace       used 58081K, committed 59776K, reserved 1114112K
  class space    used 8263K, committed 9088K, reserved 1048576K
}
Event: 8.949 GC heap after
{Heap after GC invocations=18 (full 0):
 garbage-first heap   total 92160K, used 43532K [0x0000000080000000, 0x0000000100000000)
  region size 1024K, 3 young (3072K), 3 survivors (3072K)
 Metaspace       used 58081K, committed 59776K, reserved 1114112K
  class space    used 8263K, committed 9088K, reserved 1048576K
}
Event: 9.582 GC heap before
{Heap before GC invocations=18 (full 0):
 garbage-first heap   total 92160K, used 79372K [0x0000000080000000, 0x0000000100000000)
  region size 1024K, 38 young (38912K), 3 survivors (3072K)
 Metaspace       used 62717K, committed 64448K, reserved 1114112K
  class space    used 8907K, committed 9728K, reserved 1048576K
}
Event: 9.586 GC heap after
{Heap after GC invocations=19 (full 0):
 garbage-first heap   total 92160K, used 45099K [0x0000000080000000, 0x0000000100000000)
  region size 1024K, 3 young (3072K), 3 survivors (3072K)
 Metaspace       used 62717K, committed 64448K, reserved 1114112K
  class space    used 8907K, committed 9728K, reserved 1048576K
}
Event: 10.232 GC heap before
{Heap before GC invocations=19 (full 0):
 garbage-first heap   total 92160K, used 80939K [0x0000000080000000, 0x0000000100000000)
  region size 1024K, 38 young (38912K), 3 survivors (3072K)
 Metaspace       used 67259K, committed 69120K, reserved 1114112K
  class space    used 9633K, committed 10496K, reserved 1048576K
}
Event: 10.237 GC heap after
{Heap after GC invocations=20 (full 0):
 garbage-first heap   total 92160K, used 46788K [0x0000000080000000, 0x0000000100000000)
  region size 1024K, 4 young (4096K), 4 survivors (4096K)
 Metaspace       used 67259K, committed 69120K, reserved 1114112K
  class space    used 9633K, committed 10496K, reserved 1048576K
}
Event: 11.315 GC heap before
{Heap before GC invocations=21 (full 0):
 garbage-first heap   total 92160K, used 82628K [0x0000000080000000, 0x0000000100000000)
  region size 1024K, 39 young (39936K), 4 survivors (4096K)
 Metaspace       used 70840K, committed 72704K, reserved 1114112K
  class space    used 10171K, committed 11072K, reserved 1048576K
}
Event: 11.324 GC heap after
{Heap after GC invocations=22 (full 0):
 garbage-first heap   total 92160K, used 49869K [0x0000000080000000, 0x0000000100000000)
  region size 1024K, 5 young (5120K), 5 survivors (5120K)
 Metaspace       used 70840K, committed 72704K, reserved 1114112K
  class space    used 10171K, committed 11072K, reserved 1048576K
}
Event: 11.796 GC heap before
{Heap before GC invocations=22 (full 0):
 garbage-first heap   total 92160K, used 81613K [0x0000000080000000, 0x0000000100000000)
  region size 1024K, 37 young (37888K), 5 survivors (5120K)
 Metaspace       used 71229K, committed 73088K, reserved 1114112K
  class space    used 10188K, committed 11072K, reserved 1048576K
}
Event: 11.804 GC heap after
{Heap after GC invocations=23 (full 0):
 garbage-first heap   total 92160K, used 51171K [0x0000000080000000, 0x0000000100000000)
  region size 1024K, 3 young (3072K), 3 survivors (3072K)
 Metaspace       used 71229K, committed 73088K, reserved 1114112K
  class space    used 10188K, committed 11072K, reserved 1048576K
}
Event: 11.984 GC heap before
{Heap before GC invocations=23 (full 0):
 garbage-first heap   total 92160K, used 81891K [0x0000000080000000, 0x0000000100000000)
  region size 1024K, 34 young (34816K), 3 survivors (3072K)
 Metaspace       used 71346K, committed 73216K, reserved 1114112K
  class space    used 10188K, committed 11072K, reserved 1048576K
}

