# JRE version: OpenJDK Runtime Environment (21.0.10) (build 21.0.10+-14961533-b1163.108)
# Java VM: OpenJDK 64-Bit Server VM (21.0.10+-14961533-b1163.108, mixed mode, tiered, compressed oops, compressed class ptrs, g1 gc, windows-amd64)
GC Precious Log:
 CardTable entry size: 512
 Card Set container configuration: InlinePtr #cards 5 size 8 Array Of Cards #cards 12 size 40 Howl #buckets 4 coarsen threshold 1843 Howl Bitmap #cards 512 size 80 coarsen threshold 460 Card regions per heap region 1 cards per card region 2048
 CPUs: 8 total, 8 available
 Memory: 7502M
 Large Page Support: Disabled
 NUMA Support: Disabled
 Compressed Oops: Enabled (32-bit)
 Heap Region Size: 1M
 Heap Min Capacity: 8M
 Heap Initial Capacity: 118M
 Heap Max Capacity: 2G
 Pre-touch: Disabled
 Parallel Workers: 8
 Concurrent Workers: 2
 Concurrent Refinement Workers: 8
 Periodic GC: Disabled
Heap:
 garbage-first heap   total 336896K, used 335655K [0x0000000080000000, 0x0000000100000000)
  region size 1024K, 91 young (93184K), 0 survivors (0K)
 Metaspace       used 124229K, committed 126528K, reserved 1179648K
  class space    used 17312K, committed 18432K, reserved 1048576K
GC Heap History (20 events):
Event: 23.610 GC heap after
{Heap after GC invocations=55 (full 0):
 garbage-first heap   total 250880K, used 104535K [0x0000000080000000, 0x0000000100000000)
  region size 1024K, 5 young (5120K), 5 survivors (5120K)
 Metaspace       used 114015K, committed 116160K, reserved 1179648K
  class space    used 15990K, committed 17024K, reserved 1048576K
}
Event: 24.462 GC heap before
{Heap before GC invocations=55 (full 0):
 garbage-first heap   total 250880K, used 235607K [0x0000000080000000, 0x0000000100000000)
  region size 1024K, 134 young (137216K), 5 survivors (5120K)
 Metaspace       used 117255K, committed 119488K, reserved 1179648K
  class space    used 16383K, committed 17472K, reserved 1048576K
}
Event: 24.469 GC heap after
{Heap after GC invocations=56 (full 0):
 garbage-first heap   total 250880K, used 108730K [0x0000000080000000, 0x0000000100000000)
  region size 1024K, 9 young (9216K), 9 survivors (9216K)
 Metaspace       used 117255K, committed 119488K, reserved 1179648K
  class space    used 16383K, committed 17472K, reserved 1048576K
}
Event: 24.735 GC heap before
{Heap before GC invocations=56 (full 0):
 garbage-first heap   total 250880K, used 229562K [0x0000000080000000, 0x0000000100000000)
  region size 1024K, 128 young (131072K), 9 survivors (9216K)
 Metaspace       used 117980K, committed 120192K, reserved 1179648K
  class space    used 16483K, committed 17536K, reserved 1048576K
}
Event: 24.743 GC heap after
{Heap after GC invocations=57 (full 0):
 garbage-first heap   total 250880K, used 109735K [0x0000000080000000, 0x0000000100000000)
  region size 1024K, 10 young (10240K), 10 survivors (10240K)
 Metaspace       used 117980K, committed 120192K, reserved 1179648K
  class space    used 16483K, committed 17536K, reserved 1048576K
}
Event: 24.980 GC heap before
{Heap before GC invocations=57 (full 0):
 garbage-first heap   total 250880K, used 235687K [0x0000000080000000, 0x0000000100000000)
  region size 1024K, 133 young (136192K), 10 survivors (10240K)
 Metaspace       used 118310K, committed 120576K, reserved 1179648K
  class space    used 16543K, committed 17664K, reserved 1048576K
}
Event: 24.988 GC heap after
{Heap after GC invocations=58 (full 0):
 garbage-first heap   total 250880K, used 111439K [0x0000000080000000, 0x0000000100000000)
  region size 1024K, 10 young (10240K), 10 survivors (10240K)
 Metaspace       used 118310K, committed 120576K, reserved 1179648K
  class space    used 16543K, committed 17664K, reserved 1048576K
}
Event: 25.331 GC heap before
{Heap before GC invocations=59 (full 0):
 garbage-first heap   total 250880K, used 236367K [0x0000000080000000, 0x0000000100000000)
  region size 1024K, 133 young (136192K), 10 survivors (10240K)
 Metaspace       used 118380K, committed 120640K, reserved 1179648K
  class space    used 16553K, committed 17664K, reserved 1048576K
}
Event: 25.338 GC heap after
{Heap after GC invocations=60 (full 0):
 garbage-first heap   total 250880K, used 112313K [0x0000000080000000, 0x0000000100000000)
  region size 1024K, 11 young (11264K), 11 survivors (11264K)
 Metaspace       used 118380K, committed 120640K, reserved 1179648K
  class space    used 16553K, committed 17664K, reserved 1048576K
}
Event: 25.504 GC heap before
{Heap before GC invocations=60 (full 0):
 garbage-first heap   total 250880K, used 235193K [0x0000000080000000, 0x0000000100000000)
  region size 1024K, 132 young (135168K), 11 survivors (11264K)
 Metaspace       used 118380K, committed 120640K, reserved 1179648K
  class space    used 16553K, committed 17664K, reserved 1048576K
}
Event: 25.514 GC heap after
{Heap after GC invocations=61 (full 0):
 garbage-first heap   total 250880K, used 112711K [0x0000000080000000, 0x0000000100000000)
  region size 1024K, 10 young (10240K), 10 survivors (10240K)
 Metaspace       used 118380K, committed 120640K, reserved 1179648K
  class space    used 16553K, committed 17664K, reserved 1048576K
}
Event: 25.794 GC heap before
{Heap before GC invocations=61 (full 0):
 garbage-first heap   total 250880K, used 236615K [0x0000000080000000, 0x0000000100000000)
  region size 1024K, 131 young (134144K), 10 survivors (10240K)
 Metaspace       used 118617K, committed 120832K, reserved 1179648K
  class space    used 16588K, committed 17664K, reserved 1048576K
}
Event: 25.802 GC heap after
{Heap after GC invocations=62 (full 0):
 garbage-first heap   total 311296K, used 113328K [0x0000000080000000, 0x0000000100000000)
  region size 1024K, 10 young (10240K), 10 survivors (10240K)
 Metaspace       used 118617K, committed 120832K, reserved 1179648K
  class space    used 16588K, committed 17664K, reserved 1048576K
}
Event: 26.398 GC heap before
{Heap before GC invocations=63 (full 0):
 garbage-first heap   total 314368K, used 313008K [0x0000000080000000, 0x0000000100000000)
  region size 1024K, 173 young (177152K), 10 survivors (10240K)
 Metaspace       used 118903K, committed 121152K, reserved 1179648K
  class space    used 16625K, committed 17728K, reserved 1048576K
}
Event: 28.514 GC heap after
{Heap after GC invocations=64 (full 0):
 garbage-first heap   total 333824K, used 156001K [0x0000000080000000, 0x0000000100000000)
  region size 1024K, 19 young (19456K), 19 survivors (19456K)
 Metaspace       used 118903K, committed 121152K, reserved 1179648K
  class space    used 16625K, committed 17728K, reserved 1048576K
}
Event: 30.114 GC heap before
{Heap before GC invocations=64 (full 0):
 garbage-first heap   total 333824K, used 314721K [0x0000000080000000, 0x0000000100000000)
  region size 1024K, 175 young (179200K), 19 survivors (19456K)
 Metaspace       used 119914K, committed 122176K, reserved 1179648K
  class space    used 16762K, committed 17856K, reserved 1048576K
}
Event: 30.124 GC heap after
{Heap after GC invocations=65 (full 0):
 garbage-first heap   total 336896K, used 155808K [0x0000000080000000, 0x0000000100000000)
  region size 1024K, 14 young (14336K), 14 survivors (14336K)
 Metaspace       used 119914K, committed 122176K, reserved 1179648K
  class space    used 16762K, committed 17856K, reserved 1048576K
}
Event: 30.126 GC heap before
{Heap before GC invocations=65 (full 0):
 garbage-first heap   total 336896K, used 157856K [0x0000000080000000, 0x0000000100000000)
  region size 1024K, 16 young (16384K), 14 survivors (14336K)
 Metaspace       used 119915K, committed 122176K, reserved 1179648K
  class space    used 16762K, committed 17856K, reserved 1048576K
}
Event: 30.132 GC heap after
{Heap after GC invocations=66 (full 0):
 garbage-first heap   total 336896K, used 155431K [0x0000000080000000, 0x0000000100000000)
  region size 1024K, 2 young (2048K), 2 survivors (2048K)
 Metaspace       used 119915K, committed 122176K, reserved 1179648K
  class space    used 16762K, committed 17856K, reserved 1048576K
}
Event: 31.903 GC heap before
{Heap before GC invocations=67 (full 0):
 garbage-first heap   total 336896K, used 334631K [0x0000000080000000, 0x0000000100000000)
  region size 1024K, 93 young (95232K), 2 survivors (2048K)
 Metaspace       used 124229K, committed 126528K, reserved 1179648K
  class space    used 17312K, committed 18432K, reserved 1048576K
}

