# JRE version: OpenJDK Runtime Environment (21.0.10) (build 21.0.10+-14961533-b1163.108)
# Java VM: OpenJDK 64-Bit Server VM (21.0.10+-14961533-b1163.108, mixed mode, tiered, compressed oops, compressed class ptrs, g1 gc, windows-amd64)
GC Precious Log:
 CardTable entry size: 512
 Card Set container configuration: InlinePtr #cards 5 size 8 Array Of Cards #cards 12 size 40 Howl #buckets 4 coarsen threshold 1843 Howl Bitmap #cards 512 size 80 coarsen threshold 460 Card regions per heap region 1 cards per card region 2048
 CPUs: 8 total, 8 available
 Memory: 7502M
 Large Page Support: Disabled
 NUMA Support: Disabled
 Compressed Oops: Enabled (32-bit)
 Heap Region Size: 1M
 Heap Min Capacity: 8M
 Heap Initial Capacity: 118M
 Heap Max Capacity: 1876M
 Pre-touch: Disabled
 Parallel Workers: 8
 Concurrent Workers: 2
 Concurrent Refinement Workers: 8
 Periodic GC: Disabled
Heap:
 garbage-first heap   total 166912K, used 90112K [0x000000008ac00000, 0x0000000100000000)
  region size 1024K, 5 young (5120K), 1 survivors (1024K)
 Metaspace       used 70351K, committed 70720K, reserved 1114112K
  class space    used 7944K, committed 8128K, reserved 1048576K
GC Heap History (20 events):
Event: 5.741 GC heap before
{Heap before GC invocations=19 (full 0):
 garbage-first heap   total 68608K, used 58747K [0x000000008ac00000, 0x0000000100000000)
  region size 1024K, 14 young (14336K), 3 survivors (3072K)
 Metaspace       used 54948K, committed 55232K, reserved 1114112K
  class space    used 6469K, committed 6592K, reserved 1048576K
}
Event: 5.749 GC heap after
{Heap after GC invocations=20 (full 0):
 garbage-first heap   total 109568K, used 51182K [0x000000008ac00000, 0x0000000100000000)
  region size 1024K, 2 young (2048K), 2 survivors (2048K)
 Metaspace       used 54948K, committed 55232K, reserved 1114112K
  class space    used 6469K, committed 6592K, reserved 1048576K
}
Event: 6.619 GC heap before
{Heap before GC invocations=21 (full 0):
 garbage-first heap   total 109568K, used 87022K [0x000000008ac00000, 0x0000000100000000)
  region size 1024K, 38 young (38912K), 2 survivors (2048K)
 Metaspace       used 59459K, committed 59840K, reserved 1114112K
  class space    used 6982K, committed 7168K, reserved 1048576K
}
Event: 6.635 GC heap after
{Heap after GC invocations=22 (full 0):
 garbage-first heap   total 109568K, used 59271K [0x000000008ac00000, 0x0000000100000000)
  region size 1024K, 5 young (5120K), 5 survivors (5120K)
 Metaspace       used 59459K, committed 59840K, reserved 1114112K
  class space    used 6982K, committed 7168K, reserved 1048576K
}
Event: 7.277 GC heap before
{Heap before GC invocations=22 (full 0):
 garbage-first heap   total 109568K, used 87943K [0x000000008ac00000, 0x0000000100000000)
  region size 1024K, 33 young (33792K), 5 survivors (5120K)
 Metaspace       used 60219K, committed 60544K, reserved 1114112K
  class space    used 7015K, committed 7168K, reserved 1048576K
}
Event: 7.300 GC heap after
{Heap after GC invocations=23 (full 0):
 garbage-first heap   total 109568K, used 65024K [0x000000008ac00000, 0x0000000100000000)
  region size 1024K, 5 young (5120K), 5 survivors (5120K)
 Metaspace       used 60219K, committed 60544K, reserved 1114112K
  class space    used 7015K, committed 7168K, reserved 1048576K
}
Event: 7.934 GC heap before
{Heap before GC invocations=23 (full 0):
 garbage-first heap   total 109568K, used 91648K [0x000000008ac00000, 0x0000000100000000)
  region size 1024K, 31 young (31744K), 5 survivors (5120K)
 Metaspace       used 62022K, committed 62400K, reserved 1114112K
  class space    used 7179K, committed 7360K, reserved 1048576K
}
Event: 7.961 GC heap after
{Heap after GC invocations=24 (full 0):
 garbage-first heap   total 109568K, used 70656K [0x000000008ac00000, 0x0000000100000000)
  region size 1024K, 4 young (4096K), 4 survivors (4096K)
 Metaspace       used 62022K, committed 62400K, reserved 1114112K
  class space    used 7179K, committed 7360K, reserved 1048576K
}
Event: 8.881 GC heap before
{Heap before GC invocations=24 (full 0):
 garbage-first heap   total 109568K, used 94208K [0x000000008ac00000, 0x0000000100000000)
  region size 1024K, 28 young (28672K), 4 survivors (4096K)
 Metaspace       used 66662K, committed 67008K, reserved 1114112K
  class space    used 7597K, committed 7744K, reserved 1048576K
}
Event: 8.900 GC heap after
{Heap after GC invocations=25 (full 0):
 garbage-first heap   total 109568K, used 75100K [0x000000008ac00000, 0x0000000100000000)
  region size 1024K, 4 young (4096K), 4 survivors (4096K)
 Metaspace       used 66662K, committed 67008K, reserved 1114112K
  class space    used 7597K, committed 7744K, reserved 1048576K
}
Event: 9.312 GC heap before
{Heap before GC invocations=26 (full 0):
 garbage-first heap   total 126976K, used 96604K [0x000000008ac00000, 0x0000000100000000)
  region size 1024K, 25 young (25600K), 4 survivors (4096K)
 Metaspace       used 66855K, committed 67264K, reserved 1114112K
  class space    used 7602K, committed 7808K, reserved 1048576K
}
Event: 9.325 GC heap after
{Heap after GC invocations=27 (full 0):
 garbage-first heap   total 126976K, used 78848K [0x000000008ac00000, 0x0000000100000000)
  region size 1024K, 4 young (4096K), 4 survivors (4096K)
 Metaspace       used 66855K, committed 67264K, reserved 1114112K
  class space    used 7602K, committed 7808K, reserved 1048576K
}
Event: 10.200 GC heap before
{Heap before GC invocations=27 (full 0):
 garbage-first heap   total 126976K, used 107520K [0x000000008ac00000, 0x0000000100000000)
  region size 1024K, 33 young (33792K), 4 survivors (4096K)
 Metaspace       used 69426K, committed 69760K, reserved 1114112K
  class space    used 7843K, committed 8000K, reserved 1048576K
}
Event: 11.223 GC heap after
{Heap after GC invocations=28 (full 0):
 garbage-first heap   total 166912K, used 82410K [0x000000008ac00000, 0x0000000100000000)
  region size 1024K, 5 young (5120K), 5 survivors (5120K)
 Metaspace       used 69426K, committed 69760K, reserved 1114112K
  class space    used 7843K, committed 8000K, reserved 1048576K
}
Event: 11.277 GC heap before
{Heap before GC invocations=28 (full 0):
 garbage-first heap   total 166912K, used 85482K [0x000000008ac00000, 0x0000000100000000)
  region size 1024K, 8 young (8192K), 5 survivors (5120K)
 Metaspace       used 69574K, committed 69952K, reserved 1114112K
  class space    used 7870K, committed 8064K, reserved 1048576K
}
Event: 11.286 GC heap after
{Heap after GC invocations=29 (full 0):
 garbage-first heap   total 166912K, used 83456K [0x000000008ac00000, 0x0000000100000000)
  region size 1024K, 1 young (1024K), 1 survivors (1024K)
 Metaspace       used 69574K, committed 69952K, reserved 1114112K
  class space    used 7870K, committed 8064K, reserved 1048576K
}
Event: 11.424 GC heap before
{Heap before GC invocations=29 (full 0):
 garbage-first heap   total 166912K, used 90624K [0x000000008ac00000, 0x0000000100000000)
  region size 1024K, 8 young (8192K), 1 survivors (1024K)
 Metaspace       used 69758K, committed 70080K, reserved 1114112K
  class space    used 7883K, committed 8064K, reserved 1048576K
}
Event: 11.429 GC heap after
{Heap after GC invocations=30 (full 0):
 garbage-first heap   total 166912K, used 84992K [0x000000008ac00000, 0x0000000100000000)
  region size 1024K, 1 young (1024K), 1 survivors (1024K)
 Metaspace       used 69758K, committed 70080K, reserved 1114112K
  class space    used 7883K, committed 8064K, reserved 1048576K
}
Event: 11.709 GC heap before
{Heap before GC invocations=30 (full 0):
 garbage-first heap   total 166912K, used 92160K [0x000000008ac00000, 0x0000000100000000)
  region size 1024K, 8 young (8192K), 1 survivors (1024K)
 Metaspace       used 69917K, committed 70272K, reserved 1114112K
  class space    used 7897K, committed 8064K, reserved 1048576K
}
Event: 11.714 GC heap after
{Heap after GC invocations=31 (full 0):
 garbage-first heap   total 166912K, used 87040K [0x000000008ac00000, 0x0000000100000000)
  region size 1024K, 1 young (1024K), 1 survivors (1024K)
 Metaspace       used 69917K, committed 70272K, reserved 1114112K
  class space    used 7897K, committed 8064K, reserved 1048576K
}

