# JRE version: OpenJDK Runtime Environment (21.0.10) (build 21.0.10+-14961533-b1163.108)
# Java VM: OpenJDK 64-Bit Server VM (21.0.10+-14961533-b1163.108, mixed mode, tiered, compressed oops, compressed class ptrs, g1 gc, windows-amd64)
GC Precious Log:
 CardTable entry size: 512
 Card Set container configuration: InlinePtr #cards 5 size 8 Array Of Cards #cards 12 size 40 Howl #buckets 4 coarsen threshold 1843 Howl Bitmap #cards 512 size 80 coarsen threshold 460 Card regions per heap region 1 cards per card region 2048
 CPUs: 8 total, 8 available
 Memory: 7502M
 Large Page Support: Disabled
 NUMA Support: Disabled
 Compressed Oops: Enabled (32-bit)
 Heap Region Size: 1M
 Heap Min Capacity: 8M
 Heap Initial Capacity: 118M
 Heap Max Capacity: 2G
 Pre-touch: Disabled
 Parallel Workers: 8
 Concurrent Workers: 2
 Concurrent Refinement Workers: 8
 Periodic GC: Disabled
Heap:
 garbage-first heap   total 91136K, used 47388K [0x0000000080000000, 0x0000000100000000)
  region size 1024K, 22 young (22528K), 7 survivors (7168K)
 Metaspace       used 51599K, committed 53056K, reserved 1114112K
  class space    used 7182K, committed 7872K, reserved 1048576K
GC Heap History (20 events):
Event: 0.405 GC heap before
{Heap before GC invocations=0 (full 0):
 garbage-first heap   total 120832K, used 23552K [0x0000000080000000, 0x0000000100000000)
  region size 1024K, 23 young (23552K), 0 survivors (0K)
 Metaspace       used 7888K, committed 8000K, reserved 1114112K
  class space    used 736K, committed 768K, reserved 1048576K
}
Event: 0.408 GC heap after
{Heap after GC invocations=1 (full 0):
 garbage-first heap   total 120832K, used 1280K [0x0000000080000000, 0x0000000100000000)
  region size 1024K, 2 young (2048K), 2 survivors (2048K)
 Metaspace       used 7888K, committed 8000K, reserved 1114112K
  class space    used 736K, committed 768K, reserved 1048576K
}
Event: 1.034 GC heap before
{Heap before GC invocations=1 (full 0):
 garbage-first heap   total 120832K, used 43264K [0x0000000080000000, 0x0000000100000000)
  region size 1024K, 39 young (39936K), 2 survivors (2048K)
 Metaspace       used 11861K, committed 11968K, reserved 1114112K
  class space    used 1281K, committed 1344K, reserved 1048576K
}
Event: 1.042 GC heap after
{Heap after GC invocations=2 (full 0):
 garbage-first heap   total 120832K, used 11457K [0x0000000080000000, 0x0000000100000000)
  region size 1024K, 5 young (5120K), 5 survivors (5120K)
 Metaspace       used 11861K, committed 11968K, reserved 1114112K
  class space    used 1281K, committed 1344K, reserved 1048576K
}
Event: 1.401 GC heap before
{Heap before GC invocations=2 (full 0):
 garbage-first heap   total 120832K, used 78017K [0x0000000080000000, 0x0000000100000000)
  region size 1024K, 70 young (71680K), 5 survivors (5120K)
 Metaspace       used 12829K, committed 12992K, reserved 1114112K
  class space    used 1402K, committed 1472K, reserved 1048576K
}
Event: 1.406 GC heap after
{Heap after GC invocations=3 (full 0):
 garbage-first heap   total 120832K, used 12614K [0x0000000080000000, 0x0000000100000000)
  region size 1024K, 6 young (6144K), 6 survivors (6144K)
 Metaspace       used 12829K, committed 12992K, reserved 1114112K
  class space    used 1402K, committed 1472K, reserved 1048576K
}
Event: 2.093 GC heap before
{Heap before GC invocations=3 (full 0):
 garbage-first heap   total 120832K, used 80198K [0x0000000080000000, 0x0000000100000000)
  region size 1024K, 70 young (71680K), 6 survivors (6144K)
 Metaspace       used 16342K, committed 16576K, reserved 1114112K
  class space    used 1880K, committed 1984K, reserved 1048576K
}
Event: 2.101 GC heap after
{Heap after GC invocations=4 (full 0):
 garbage-first heap   total 120832K, used 19338K [0x0000000080000000, 0x0000000100000000)
  region size 1024K, 7 young (7168K), 7 survivors (7168K)
 Metaspace       used 16342K, committed 16576K, reserved 1114112K
  class space    used 1880K, committed 1984K, reserved 1048576K
}
Event: 2.482 GC heap before
{Heap before GC invocations=4 (full 0):
 garbage-first heap   total 120832K, used 36746K [0x0000000080000000, 0x0000000100000000)
  region size 1024K, 25 young (25600K), 7 survivors (7168K)
 Metaspace       used 21179K, committed 21504K, reserved 1114112K
  class space    used 2481K, committed 2688K, reserved 1048576K
}
Event: 2.488 GC heap after
{Heap after GC invocations=5 (full 0):
 garbage-first heap   total 120832K, used 21425K [0x0000000080000000, 0x0000000100000000)
  region size 1024K, 3 young (3072K), 3 survivors (3072K)
 Metaspace       used 21179K, committed 21504K, reserved 1114112K
  class space    used 2481K, committed 2688K, reserved 1048576K
}
Event: 3.362 GC heap before
{Heap before GC invocations=6 (full 0):
 garbage-first heap   total 75776K, used 63409K [0x0000000080000000, 0x0000000100000000)
  region size 1024K, 44 young (45056K), 3 survivors (3072K)
 Metaspace       used 28324K, committed 28800K, reserved 1114112K
  class space    used 3600K, committed 3840K, reserved 1048576K
}
Event: 3.367 GC heap after
{Heap after GC invocations=7 (full 0):
 garbage-first heap   total 91136K, used 23367K [0x0000000080000000, 0x0000000100000000)
  region size 1024K, 5 young (5120K), 5 survivors (5120K)
 Metaspace       used 28324K, committed 28800K, reserved 1114112K
  class space    used 3600K, committed 3840K, reserved 1048576K
}
Event: 4.168 GC heap before
{Heap before GC invocations=7 (full 0):
 garbage-first heap   total 91136K, used 70471K [0x0000000080000000, 0x0000000100000000)
  region size 1024K, 51 young (52224K), 5 survivors (5120K)
 Metaspace       used 35303K, committed 35968K, reserved 1114112K
  class space    used 4630K, committed 4928K, reserved 1048576K
}
Event: 4.174 GC heap after
{Heap after GC invocations=8 (full 0):
 garbage-first heap   total 91136K, used 26016K [0x0000000080000000, 0x0000000100000000)
  region size 1024K, 6 young (6144K), 6 survivors (6144K)
 Metaspace       used 35303K, committed 35968K, reserved 1114112K
  class space    used 4630K, committed 4928K, reserved 1048576K
}
Event: 4.226 GC heap before
{Heap before GC invocations=8 (full 0):
 garbage-first heap   total 91136K, used 28064K [0x0000000080000000, 0x0000000100000000)
  region size 1024K, 9 young (9216K), 6 survivors (6144K)
 Metaspace       used 35585K, committed 36288K, reserved 1114112K
  class space    used 4683K, committed 5056K, reserved 1048576K
}
Event: 4.230 GC heap after
{Heap after GC invocations=9 (full 0):
 garbage-first heap   total 91136K, used 26257K [0x0000000080000000, 0x0000000100000000)
  region size 1024K, 4 young (4096K), 4 survivors (4096K)
 Metaspace       used 35585K, committed 36288K, reserved 1114112K
  class space    used 4683K, committed 5056K, reserved 1048576K
}
Event: 5.017 GC heap before
{Heap before GC invocations=10 (full 0):
 garbage-first heap   total 91136K, used 76433K [0x0000000080000000, 0x0000000100000000)
  region size 1024K, 53 young (54272K), 4 survivors (4096K)
 Metaspace       used 42102K, committed 43264K, reserved 1114112K
  class space    used 5829K, committed 6400K, reserved 1048576K
}
Event: 5.022 GC heap after
{Heap after GC invocations=11 (full 0):
 garbage-first heap   total 91136K, used 28690K [0x0000000080000000, 0x0000000100000000)
  region size 1024K, 6 young (6144K), 6 survivors (6144K)
 Metaspace       used 42102K, committed 43264K, reserved 1114112K
  class space    used 5829K, committed 6400K, reserved 1048576K
}
Event: 5.902 GC heap before
{Heap before GC invocations=11 (full 0):
 garbage-first heap   total 91136K, used 75794K [0x0000000080000000, 0x0000000100000000)
  region size 1024K, 53 young (54272K), 6 survivors (6144K)
 Metaspace       used 49640K, committed 51008K, reserved 1114112K
  class space    used 6865K, committed 7488K, reserved 1048576K
}
Event: 5.910 GC heap after
{Heap after GC invocations=12 (full 0):
 garbage-first heap   total 91136K, used 33052K [0x0000000080000000, 0x0000000100000000)
  region size 1024K, 7 young (7168K), 7 survivors (7168K)
 Metaspace       used 49640K, committed 51008K, reserved 1114112K
  class space    used 6865K, committed 7488K, reserved 1048576K
}

