# JRE version: OpenJDK Runtime Environment (21.0.10) (build 21.0.10+-14961533-b1163.108)
# Java VM: OpenJDK 64-Bit Server VM (21.0.10+-14961533-b1163.108, mixed mode, tiered, compressed oops, compressed class ptrs, g1 gc, windows-amd64)
GC Precious Log:
 CardTable entry size: 512
 Card Set container configuration: InlinePtr #cards 5 size 8 Array Of Cards #cards 12 size 40 Howl #buckets 4 coarsen threshold 1843 Howl Bitmap #cards 512 size 80 coarsen threshold 460 Card regions per heap region 1 cards per card region 2048
 CPUs: 8 total, 8 available
 Memory: 7502M
 Large Page Support: Disabled
 NUMA Support: Disabled
 Compressed Oops: Enabled (32-bit)
 Heap Region Size: 1M
 Heap Min Capacity: 8M
 Heap Initial Capacity: 118M
 Heap Max Capacity: 2G
 Pre-touch: Disabled
 Parallel Workers: 8
 Concurrent Workers: 2
 Concurrent Refinement Workers: 8
 Periodic GC: Disabled
Heap:
 garbage-first heap   total 113664K, used 106173K [0x0000000080000000, 0x0000000100000000)
  region size 1024K, 55 young (56320K), 4 survivors (4096K)
 Metaspace       used 71627K, committed 73536K, reserved 1114112K
  class space    used 10195K, committed 11072K, reserved 1048576K
GC Heap History (20 events):
Event: 8.631 GC heap before
{Heap before GC invocations=13 (full 0):
 garbage-first heap   total 87040K, used 78548K [0x0000000080000000, 0x0000000100000000)
  region size 1024K, 47 young (48128K), 7 survivors (7168K)
 Metaspace       used 55950K, committed 57536K, reserved 1114112K
  class space    used 7889K, committed 8640K, reserved 1048576K
}
Event: 8.639 GC heap after
{Heap after GC invocations=14 (full 0):
 garbage-first heap   total 91136K, used 42728K [0x0000000080000000, 0x0000000100000000)
  region size 1024K, 5 young (5120K), 5 survivors (5120K)
 Metaspace       used 55950K, committed 57536K, reserved 1114112K
  class space    used 7889K, committed 8640K, reserved 1048576K
}
Event: 8.846 GC heap before
{Heap before GC invocations=14 (full 0):
 garbage-first heap   total 91136K, used 80616K [0x0000000080000000, 0x0000000100000000)
  region size 1024K, 42 young (43008K), 5 survivors (5120K)
 Metaspace       used 56697K, committed 58304K, reserved 1114112K
  class space    used 8011K, committed 8768K, reserved 1048576K
}
Event: 8.849 GC heap after
{Heap after GC invocations=15 (full 0):
 garbage-first heap   total 91136K, used 43837K [0x0000000080000000, 0x0000000100000000)
  region size 1024K, 1 young (1024K), 1 survivors (1024K)
 Metaspace       used 56697K, committed 58304K, reserved 1114112K
  class space    used 8011K, committed 8768K, reserved 1048576K
}
Event: 9.130 GC heap before
{Heap before GC invocations=15 (full 0):
 garbage-first heap   total 91136K, used 60221K [0x0000000080000000, 0x0000000100000000)
  region size 1024K, 18 young (18432K), 1 survivors (1024K)
 Metaspace       used 58620K, committed 60288K, reserved 1114112K
  class space    used 8325K, committed 9152K, reserved 1048576K
}
Event: 9.133 GC heap after
{Heap after GC invocations=16 (full 0):
 garbage-first heap   total 91136K, used 44183K [0x0000000080000000, 0x0000000100000000)
  region size 1024K, 2 young (2048K), 2 survivors (2048K)
 Metaspace       used 58620K, committed 60288K, reserved 1114112K
  class space    used 8325K, committed 9152K, reserved 1048576K
}
Event: 9.757 GC heap before
{Heap before GC invocations=17 (full 0):
 garbage-first heap   total 91136K, used 82071K [0x0000000080000000, 0x0000000100000000)
  region size 1024K, 39 young (39936K), 2 survivors (2048K)
 Metaspace       used 63270K, committed 64960K, reserved 1114112K
  class space    used 9002K, committed 9792K, reserved 1048576K
}
Event: 9.761 GC heap after
{Heap after GC invocations=18 (full 0):
 garbage-first heap   total 91136K, used 45619K [0x0000000080000000, 0x0000000100000000)
  region size 1024K, 3 young (3072K), 3 survivors (3072K)
 Metaspace       used 63270K, committed 64960K, reserved 1114112K
  class space    used 9002K, committed 9792K, reserved 1048576K
}
Event: 10.437 GC heap before
{Heap before GC invocations=18 (full 0):
 garbage-first heap   total 91136K, used 83507K [0x0000000080000000, 0x0000000100000000)
  region size 1024K, 40 young (40960K), 3 survivors (3072K)
 Metaspace       used 68409K, committed 70208K, reserved 1114112K
  class space    used 9793K, committed 10624K, reserved 1048576K
}
Event: 10.444 GC heap after
{Heap after GC invocations=19 (full 0):
 garbage-first heap   total 91136K, used 47139K [0x0000000080000000, 0x0000000100000000)
  region size 1024K, 5 young (5120K), 5 survivors (5120K)
 Metaspace       used 68409K, committed 70208K, reserved 1114112K
  class space    used 9793K, committed 10624K, reserved 1048576K
}
Event: 11.379 GC heap before
{Heap before GC invocations=19 (full 0):
 garbage-first heap   total 91136K, used 84003K [0x0000000080000000, 0x0000000100000000)
  region size 1024K, 41 young (41984K), 5 survivors (5120K)
 Metaspace       used 71105K, committed 73024K, reserved 1114112K
  class space    used 10186K, committed 11072K, reserved 1048576K
}
Event: 11.385 GC heap after
{Heap after GC invocations=20 (full 0):
 garbage-first heap   total 113664K, used 50468K [0x0000000080000000, 0x0000000100000000)
  region size 1024K, 6 young (6144K), 6 survivors (6144K)
 Metaspace       used 71105K, committed 73024K, reserved 1114112K
  class space    used 10186K, committed 11072K, reserved 1048576K
}
Event: 11.770 GC heap before
{Heap before GC invocations=21 (full 0):
 garbage-first heap   total 113664K, used 100644K [0x0000000080000000, 0x0000000100000000)
  region size 1024K, 56 young (57344K), 6 survivors (6144K)
 Metaspace       used 71346K, committed 73216K, reserved 1114112K
  class space    used 10187K, committed 11072K, reserved 1048576K
}
Event: 11.775 GC heap after
{Heap after GC invocations=22 (full 0):
 garbage-first heap   total 113664K, used 52265K [0x0000000080000000, 0x0000000100000000)
  region size 1024K, 6 young (6144K), 6 survivors (6144K)
 Metaspace       used 71346K, committed 73216K, reserved 1114112K
  class space    used 10187K, committed 11072K, reserved 1048576K
}
Event: 11.943 GC heap before
{Heap before GC invocations=22 (full 0):
 garbage-first heap   total 113664K, used 102441K [0x0000000080000000, 0x0000000100000000)
  region size 1024K, 56 young (57344K), 6 survivors (6144K)
 Metaspace       used 71448K, committed 73280K, reserved 1114112K
  class space    used 10187K, committed 11072K, reserved 1048576K
}
Event: 11.949 GC heap after
{Heap after GC invocations=23 (full 0):
 garbage-first heap   total 113664K, used 52820K [0x0000000080000000, 0x0000000100000000)
  region size 1024K, 3 young (3072K), 3 survivors (3072K)
 Metaspace       used 71448K, committed 73280K, reserved 1114112K
  class space    used 10187K, committed 11072K, reserved 1048576K
}
Event: 18.071 GC heap before
{Heap before GC invocations=23 (full 0):
 garbage-first heap   total 113664K, used 104020K [0x0000000080000000, 0x0000000100000000)
  region size 1024K, 54 young (55296K), 3 survivors (3072K)
 Metaspace       used 71522K, committed 73408K, reserved 1114112K
  class space    used 10190K, committed 11072K, reserved 1048576K
}
Event: 18.075 GC heap after
{Heap after GC invocations=24 (full 0):
 garbage-first heap   total 113664K, used 53362K [0x0000000080000000, 0x0000000100000000)
  region size 1024K, 4 young (4096K), 4 survivors (4096K)
 Metaspace       used 71522K, committed 73408K, reserved 1114112K
  class space    used 10190K, committed 11072K, reserved 1048576K
}
Event: 18.264 GC heap before
{Heap before GC invocations=25 (full 0):
 garbage-first heap   total 113664K, used 105586K [0x0000000080000000, 0x0000000100000000)
  region size 1024K, 55 young (56320K), 4 survivors (4096K)
 Metaspace       used 71554K, committed 73472K, reserved 1114112K
  class space    used 10195K, committed 11072K, reserved 1048576K
}
Event: 18.268 GC heap after
{Heap after GC invocations=26 (full 0):
 garbage-first heap   total 113664K, used 53949K [0x0000000080000000, 0x0000000100000000)
  region size 1024K, 4 young (4096K), 4 survivors (4096K)
 Metaspace       used 71554K, committed 73472K, reserved 1114112K
  class space    used 10195K, committed 11072K, reserved 1048576K
}

