# JRE version: OpenJDK Runtime Environment (21.0.10) (build 21.0.10+-14961533-b1163.108)
# Java VM: OpenJDK 64-Bit Server VM (21.0.10+-14961533-b1163.108, mixed mode, tiered, compressed oops, compressed class ptrs, g1 gc, windows-amd64)
GC Precious Log:
 CardTable entry size: 512
 Card Set container configuration: InlinePtr #cards 5 size 8 Array Of Cards #cards 12 size 40 Howl #buckets 4 coarsen threshold 1843 Howl Bitmap #cards 512 size 80 coarsen threshold 460 Card regions per heap region 1 cards per card region 2048
 CPUs: 8 total, 8 available
 Memory: 7502M
 Large Page Support: Disabled
 NUMA Support: Disabled
 Compressed Oops: Enabled (32-bit)
 Heap Region Size: 1M
 Heap Min Capacity: 8M
 Heap Initial Capacity: 118M
 Heap Max Capacity: 2G
 Pre-touch: Disabled
 Parallel Workers: 8
 Concurrent Workers: 2
 Concurrent Refinement Workers: 8
 Periodic GC: Disabled
Heap:
 garbage-first heap   total 113664K, used 77833K [0x0000000080000000, 0x0000000100000000)
  region size 1024K, 28 young (28672K), 3 survivors (3072K)
 Metaspace       used 71565K, committed 73472K, reserved 1114112K
  class space    used 10185K, committed 11072K, reserved 1048576K
GC Heap History (20 events):
Event: 8.865 GC heap before
{Heap before GC invocations=15 (full 0):
 garbage-first heap   total 91136K, used 50900K [0x0000000080000000, 0x0000000100000000)
  region size 1024K, 9 young (9216K), 1 survivors (1024K)
 Metaspace       used 58688K, committed 60288K, reserved 1114112K
  class space    used 8337K, committed 9088K, reserved 1048576K
}
Event: 8.868 GC heap after
{Heap after GC invocations=16 (full 0):
 garbage-first heap   total 91136K, used 43815K [0x0000000080000000, 0x0000000100000000)
  region size 1024K, 1 young (1024K), 1 survivors (1024K)
 Metaspace       used 58688K, committed 60288K, reserved 1114112K
  class space    used 8337K, committed 9088K, reserved 1048576K
}
Event: 9.706 GC heap before
{Heap before GC invocations=17 (full 0):
 garbage-first heap   total 91136K, used 83751K [0x0000000080000000, 0x0000000100000000)
  region size 1024K, 40 young (40960K), 1 survivors (1024K)
 Metaspace       used 63697K, committed 65472K, reserved 1114112K
  class space    used 9054K, committed 9856K, reserved 1048576K
}
Event: 9.709 GC heap after
{Heap after GC invocations=18 (full 0):
 garbage-first heap   total 91136K, used 45476K [0x0000000080000000, 0x0000000100000000)
  region size 1024K, 3 young (3072K), 3 survivors (3072K)
 Metaspace       used 63697K, committed 65472K, reserved 1114112K
  class space    used 9054K, committed 9856K, reserved 1048576K
}
Event: 10.262 GC heap before
{Heap before GC invocations=18 (full 0):
 garbage-first heap   total 91136K, used 83364K [0x0000000080000000, 0x0000000100000000)
  region size 1024K, 40 young (40960K), 3 survivors (3072K)
 Metaspace       used 68617K, committed 70464K, reserved 1114112K
  class space    used 9827K, committed 10688K, reserved 1048576K
}
Event: 10.267 GC heap after
{Heap after GC invocations=19 (full 0):
 garbage-first heap   total 91136K, used 46995K [0x0000000080000000, 0x0000000100000000)
  region size 1024K, 5 young (5120K), 5 survivors (5120K)
 Metaspace       used 68617K, committed 70464K, reserved 1114112K
  class space    used 9827K, committed 10688K, reserved 1048576K
}
Event: 11.328 GC heap before
{Heap before GC invocations=19 (full 0):
 garbage-first heap   total 91136K, used 82835K [0x0000000080000000, 0x0000000100000000)
  region size 1024K, 41 young (41984K), 5 survivors (5120K)
 Metaspace       used 71085K, committed 72960K, reserved 1114112K
  class space    used 10184K, committed 11072K, reserved 1048576K
}
Event: 11.337 GC heap after
{Heap after GC invocations=20 (full 0):
 garbage-first heap   total 93184K, used 50386K [0x0000000080000000, 0x0000000100000000)
  region size 1024K, 6 young (6144K), 6 survivors (6144K)
 Metaspace       used 71085K, committed 72960K, reserved 1114112K
  class space    used 10184K, committed 11072K, reserved 1048576K
}
Event: 11.642 GC heap before
{Heap before GC invocations=21 (full 0):
 garbage-first heap   total 93184K, used 85202K [0x0000000080000000, 0x0000000100000000)
  region size 1024K, 40 young (40960K), 6 survivors (6144K)
 Metaspace       used 71225K, committed 73088K, reserved 1114112K
  class space    used 10185K, committed 11072K, reserved 1048576K
}
Event: 11.648 GC heap after
{Heap after GC invocations=22 (full 0):
 garbage-first heap   total 94208K, used 51639K [0x0000000080000000, 0x0000000100000000)
  region size 1024K, 2 young (2048K), 2 survivors (2048K)
 Metaspace       used 71225K, committed 73088K, reserved 1114112K
  class space    used 10185K, committed 11072K, reserved 1048576K
}
Event: 11.881 GC heap before
{Heap before GC invocations=22 (full 0):
 garbage-first heap   total 94208K, used 85431K [0x0000000080000000, 0x0000000100000000)
  region size 1024K, 36 young (36864K), 2 survivors (2048K)
 Metaspace       used 71366K, committed 73216K, reserved 1114112K
  class space    used 10185K, committed 11072K, reserved 1048576K
}
Event: 11.884 GC heap after
{Heap after GC invocations=23 (full 0):
 garbage-first heap   total 94208K, used 52246K [0x0000000080000000, 0x0000000100000000)
  region size 1024K, 2 young (2048K), 2 survivors (2048K)
 Metaspace       used 71366K, committed 73216K, reserved 1114112K
  class space    used 10185K, committed 11072K, reserved 1048576K
}
Event: 12.049 GC heap before
{Heap before GC invocations=23 (full 0):
 garbage-first heap   total 94208K, used 86038K [0x0000000080000000, 0x0000000100000000)
  region size 1024K, 36 young (36864K), 2 survivors (2048K)
 Metaspace       used 71427K, committed 73344K, reserved 1114112K
  class space    used 10185K, committed 11072K, reserved 1048576K
}
Event: 12.053 GC heap after
{Heap after GC invocations=24 (full 0):
 garbage-first heap   total 94208K, used 52818K [0x0000000080000000, 0x0000000100000000)
  region size 1024K, 3 young (3072K), 3 survivors (3072K)
 Metaspace       used 71427K, committed 73344K, reserved 1114112K
  class space    used 10185K, committed 11072K, reserved 1048576K
}
Event: 12.232 GC heap before
{Heap before GC invocations=25 (full 0):
 garbage-first heap   total 94208K, used 85586K [0x0000000080000000, 0x0000000100000000)
  region size 1024K, 36 young (36864K), 3 survivors (3072K)
 Metaspace       used 71479K, committed 73408K, reserved 1114112K
  class space    used 10185K, committed 11072K, reserved 1048576K
}
Event: 12.235 GC heap after
{Heap after GC invocations=26 (full 0):
 garbage-first heap   total 94208K, used 53272K [0x0000000080000000, 0x0000000100000000)
  region size 1024K, 3 young (3072K), 3 survivors (3072K)
 Metaspace       used 71479K, committed 73408K, reserved 1114112K
  class space    used 10185K, committed 11072K, reserved 1048576K
}
Event: 12.373 GC heap before
{Heap before GC invocations=26 (full 0):
 garbage-first heap   total 94208K, used 87064K [0x0000000080000000, 0x0000000100000000)
  region size 1024K, 36 young (36864K), 3 survivors (3072K)
 Metaspace       used 71539K, committed 73408K, reserved 1114112K
  class space    used 10185K, committed 11072K, reserved 1048576K
}
Event: 12.378 GC heap after
{Heap after GC invocations=27 (full 0):
 garbage-first heap   total 113664K, used 52763K [0x0000000080000000, 0x0000000100000000)
  region size 1024K, 3 young (3072K), 3 survivors (3072K)
 Metaspace       used 71539K, committed 73408K, reserved 1114112K
  class space    used 10185K, committed 11072K, reserved 1048576K
}
Event: 12.562 GC heap before
{Heap before GC invocations=27 (full 0):
 garbage-first heap   total 113664K, used 103963K [0x0000000080000000, 0x0000000100000000)
  region size 1024K, 54 young (55296K), 3 survivors (3072K)
 Metaspace       used 71544K, committed 73408K, reserved 1114112K
  class space    used 10185K, committed 11072K, reserved 1048576K
}
Event: 12.565 GC heap after
{Heap after GC invocations=28 (full 0):
 garbage-first heap   total 113664K, used 53257K [0x0000000080000000, 0x0000000100000000)
  region size 1024K, 3 young (3072K), 3 survivors (3072K)
 Metaspace       used 71544K, committed 73408K, reserved 1114112K
  class space    used 10185K, committed 11072K, reserved 1048576K
}

