# JRE version: OpenJDK Runtime Environment (21.0.10) (build 21.0.10+-14961533-b1163.108)
# Java VM: OpenJDK 64-Bit Server VM (21.0.10+-14961533-b1163.108, mixed mode, tiered, compressed oops, compressed class ptrs, g1 gc, windows-amd64)
GC Precious Log:
 CardTable entry size: 512
 Card Set container configuration: InlinePtr #cards 5 size 8 Array Of Cards #cards 12 size 40 Howl #buckets 4 coarsen threshold 1843 Howl Bitmap #cards 512 size 80 coarsen threshold 460 Card regions per heap region 1 cards per card region 2048
 CPUs: 8 total, 8 available
 Memory: 7502M
 Large Page Support: Disabled
 NUMA Support: Disabled
 Compressed Oops: Enabled (32-bit)
 Heap Region Size: 1M
 Heap Min Capacity: 8M
 Heap Initial Capacity: 118M
 Heap Max Capacity: 2G
 Pre-touch: Disabled
 Parallel Workers: 8
 Concurrent Workers: 2
 Concurrent Refinement Workers: 8
 Periodic GC: Disabled
Heap:
 garbage-first heap   total 204800K, used 125228K [0x0000000080000000, 0x0000000100000000)
  region size 1024K, 9 young (9216K), 9 survivors (9216K)
 Metaspace       used 120846K, committed 123136K, reserved 1179648K
  class space    used 16895K, committed 17984K, reserved 1048576K
GC Heap History (20 events):
Event: 20.541 GC heap after
{Heap after GC invocations=41 (full 0):
 garbage-first heap   total 181248K, used 95860K [0x0000000080000000, 0x0000000100000000)
  region size 1024K, 9 young (9216K), 9 survivors (9216K)
 Metaspace       used 108023K, committed 110208K, reserved 1179648K
  class space    used 15339K, committed 16384K, reserved 1048576K
}
Event: 21.501 GC heap before
{Heap before GC invocations=41 (full 0):
 garbage-first heap   total 181248K, used 170612K [0x0000000080000000, 0x0000000100000000)
  region size 1024K, 82 young (83968K), 9 survivors (9216K)
 Metaspace       used 112557K, committed 114816K, reserved 1179648K
  class space    used 15956K, committed 17024K, reserved 1048576K
}
Event: 21.513 GC heap after
{Heap after GC invocations=42 (full 0):
 garbage-first heap   total 187392K, used 101745K [0x0000000080000000, 0x0000000100000000)
  region size 1024K, 10 young (10240K), 10 survivors (10240K)
 Metaspace       used 112557K, committed 114816K, reserved 1179648K
  class space    used 15956K, committed 17024K, reserved 1048576K
}
Event: 22.048 GC heap before
{Heap before GC invocations=42 (full 0):
 garbage-first heap   total 187392K, used 153969K [0x0000000080000000, 0x0000000100000000)
  region size 1024K, 63 young (64512K), 10 survivors (10240K)
 Metaspace       used 114074K, committed 116352K, reserved 1179648K
  class space    used 16053K, committed 17152K, reserved 1048576K
}
Event: 22.062 GC heap after
{Heap after GC invocations=43 (full 0):
 garbage-first heap   total 187392K, used 112273K [0x0000000080000000, 0x0000000100000000)
  region size 1024K, 11 young (11264K), 11 survivors (11264K)
 Metaspace       used 114074K, committed 116352K, reserved 1179648K
  class space    used 16053K, committed 17152K, reserved 1048576K
}
Event: 23.262 GC heap before
{Heap before GC invocations=44 (full 0):
 garbage-first heap   total 196608K, used 172689K [0x0000000080000000, 0x0000000100000000)
  region size 1024K, 66 young (67584K), 11 survivors (11264K)
 Metaspace       used 117841K, committed 120128K, reserved 1179648K
  class space    used 16521K, committed 17600K, reserved 1048576K
}
Event: 23.274 GC heap after
{Heap after GC invocations=45 (full 0):
 garbage-first heap   total 196608K, used 118227K [0x0000000080000000, 0x0000000100000000)
  region size 1024K, 6 young (6144K), 6 survivors (6144K)
 Metaspace       used 117841K, committed 120128K, reserved 1179648K
  class space    used 16521K, committed 17600K, reserved 1048576K
}
Event: 23.530 GC heap before
{Heap before GC invocations=45 (full 0):
 garbage-first heap   total 196608K, used 177619K [0x0000000080000000, 0x0000000100000000)
  region size 1024K, 65 young (66560K), 6 survivors (6144K)
 Metaspace       used 117844K, committed 120128K, reserved 1179648K
  class space    used 16521K, committed 17600K, reserved 1048576K
}
Event: 23.537 GC heap after
{Heap after GC invocations=46 (full 0):
 garbage-first heap   total 196608K, used 120043K [0x0000000080000000, 0x0000000100000000)
  region size 1024K, 2 young (2048K), 2 survivors (2048K)
 Metaspace       used 117844K, committed 120128K, reserved 1179648K
  class space    used 16521K, committed 17600K, reserved 1048576K
}
Event: 23.779 GC heap before
{Heap before GC invocations=46 (full 0):
 garbage-first heap   total 196608K, used 179435K [0x0000000080000000, 0x0000000100000000)
  region size 1024K, 61 young (62464K), 2 survivors (2048K)
 Metaspace       used 117852K, committed 120128K, reserved 1179648K
  class space    used 16521K, committed 17600K, reserved 1048576K
}
Event: 23.782 GC heap after
{Heap after GC invocations=47 (full 0):
 garbage-first heap   total 196608K, used 120663K [0x0000000080000000, 0x0000000100000000)
  region size 1024K, 3 young (3072K), 3 survivors (3072K)
 Metaspace       used 117852K, committed 120128K, reserved 1179648K
  class space    used 16521K, committed 17600K, reserved 1048576K
}
Event: 23.993 GC heap before
{Heap before GC invocations=48 (full 0):
 garbage-first heap   total 203776K, used 183127K [0x0000000080000000, 0x0000000100000000)
  region size 1024K, 64 young (65536K), 3 survivors (3072K)
 Metaspace       used 117853K, committed 120128K, reserved 1179648K
  class space    used 16522K, committed 17600K, reserved 1048576K
}
Event: 23.997 GC heap after
{Heap after GC invocations=49 (full 0):
 garbage-first heap   total 203776K, used 121311K [0x0000000080000000, 0x0000000100000000)
  region size 1024K, 4 young (4096K), 4 survivors (4096K)
 Metaspace       used 117853K, committed 120128K, reserved 1179648K
  class space    used 16522K, committed 17600K, reserved 1048576K
}
Event: 24.316 GC heap before
{Heap before GC invocations=49 (full 0):
 garbage-first heap   total 203776K, used 189919K [0x0000000080000000, 0x0000000100000000)
  region size 1024K, 72 young (73728K), 4 survivors (4096K)
 Metaspace       used 118152K, committed 120448K, reserved 1179648K
  class space    used 16561K, committed 17664K, reserved 1048576K
}
Event: 24.323 GC heap after
{Heap after GC invocations=50 (full 0):
 garbage-first heap   total 203776K, used 121062K [0x0000000080000000, 0x0000000100000000)
  region size 1024K, 5 young (5120K), 5 survivors (5120K)
 Metaspace       used 118152K, committed 120448K, reserved 1179648K
  class space    used 16561K, committed 17664K, reserved 1048576K
}
Event: 24.562 GC heap before
{Heap before GC invocations=50 (full 0):
 garbage-first heap   total 203776K, used 190694K [0x0000000080000000, 0x0000000100000000)
  region size 1024K, 73 young (74752K), 5 survivors (5120K)
 Metaspace       used 118220K, committed 120512K, reserved 1179648K
  class space    used 16567K, committed 17664K, reserved 1048576K
}
Event: 24.568 GC heap after
{Heap after GC invocations=51 (full 0):
 garbage-first heap   total 203776K, used 121892K [0x0000000080000000, 0x0000000100000000)
  region size 1024K, 5 young (5120K), 5 survivors (5120K)
 Metaspace       used 118220K, committed 120512K, reserved 1179648K
  class space    used 16567K, committed 17664K, reserved 1048576K
}
Event: 24.749 GC heap before
{Heap before GC invocations=52 (full 0):
 garbage-first heap   total 204800K, used 191524K [0x0000000080000000, 0x0000000100000000)
  region size 1024K, 74 young (75776K), 5 survivors (5120K)
 Metaspace       used 118220K, committed 120512K, reserved 1179648K
  class space    used 16567K, committed 17664K, reserved 1048576K
}
Event: 24.753 GC heap after
{Heap after GC invocations=53 (full 0):
 garbage-first heap   total 204800K, used 122340K [0x0000000080000000, 0x0000000100000000)
  region size 1024K, 6 young (6144K), 6 survivors (6144K)
 Metaspace       used 118220K, committed 120512K, reserved 1179648K
  class space    used 16567K, committed 17664K, reserved 1048576K
}
Event: 25.496 GC heap before
{Heap before GC invocations=53 (full 0):
 garbage-first heap   total 204800K, used 191972K [0x0000000080000000, 0x0000000100000000)
  region size 1024K, 75 young (76800K), 6 survivors (6144K)
 Metaspace       used 120846K, committed 123136K, reserved 1179648K
  class space    used 16895K, committed 17984K, reserved 1048576K
}

