# JRE version: OpenJDK Runtime Environment (21.0.10) (build 21.0.10+-14961533-b1163.108)
# Java VM: OpenJDK 64-Bit Server VM (21.0.10+-14961533-b1163.108, mixed mode, tiered, compressed oops, compressed class ptrs, g1 gc, windows-amd64)
GC Precious Log:
 CardTable entry size: 512
 Card Set container configuration: InlinePtr #cards 5 size 8 Array Of Cards #cards 12 size 40 Howl #buckets 4 coarsen threshold 1843 Howl Bitmap #cards 512 size 80 coarsen threshold 460 Card regions per heap region 1 cards per card region 2048
 CPUs: 8 total, 8 available
 Memory: 7502M
 Large Page Support: Disabled
 NUMA Support: Disabled
 Compressed Oops: Enabled (32-bit)
 Heap Region Size: 1M
 Heap Min Capacity: 8M
 Heap Initial Capacity: 118M
 Heap Max Capacity: 2G
 Pre-touch: Disabled
 Parallel Workers: 8
 Concurrent Workers: 2
 Concurrent Refinement Workers: 8
 Periodic GC: Disabled
Heap:
 garbage-first heap   total 205824K, used 111008K [0x0000000080000000, 0x0000000100000000)
  region size 1024K, 5 young (5120K), 5 survivors (5120K)
 Metaspace       used 118293K, committed 120512K, reserved 1179648K
  class space    used 16531K, committed 17600K, reserved 1048576K
GC Heap History (20 events):
Event: 22.972 GC heap after
{Heap after GC invocations=50 (full 0):
 garbage-first heap   total 171008K, used 102238K [0x0000000080000000, 0x0000000100000000)
  region size 1024K, 4 young (4096K), 4 survivors (4096K)
 Metaspace       used 113161K, committed 115264K, reserved 1179648K
  class space    used 15842K, committed 16832K, reserved 1048576K
}
Event: 23.352 GC heap before
{Heap before GC invocations=50 (full 0):
 garbage-first heap   total 171008K, used 159582K [0x0000000080000000, 0x0000000100000000)
  region size 1024K, 61 young (62464K), 4 survivors (4096K)
 Metaspace       used 113486K, committed 115584K, reserved 1179648K
  class space    used 15886K, committed 16896K, reserved 1048576K
}
Event: 23.359 GC heap after
{Heap after GC invocations=51 (full 0):
 garbage-first heap   total 171008K, used 102759K [0x0000000080000000, 0x0000000100000000)
  region size 1024K, 5 young (5120K), 5 survivors (5120K)
 Metaspace       used 113486K, committed 115584K, reserved 1179648K
  class space    used 15886K, committed 16896K, reserved 1048576K
}
Event: 23.485 GC heap before
{Heap before GC invocations=51 (full 0):
 garbage-first heap   total 171008K, used 161127K [0x0000000080000000, 0x0000000100000000)
  region size 1024K, 62 young (63488K), 5 survivors (5120K)
 Metaspace       used 113490K, committed 115584K, reserved 1179648K
  class space    used 15886K, committed 16896K, reserved 1048576K
}
Event: 23.490 GC heap after
{Heap after GC invocations=52 (full 0):
 garbage-first heap   total 205824K, used 103167K [0x0000000080000000, 0x0000000100000000)
  region size 1024K, 4 young (4096K), 4 survivors (4096K)
 Metaspace       used 113490K, committed 115584K, reserved 1179648K
  class space    used 15886K, committed 16896K, reserved 1048576K
}
Event: 23.804 GC heap before
{Heap before GC invocations=53 (full 0):
 garbage-first heap   total 205824K, used 192255K [0x0000000080000000, 0x0000000100000000)
  region size 1024K, 92 young (94208K), 4 survivors (4096K)
 Metaspace       used 113609K, committed 115712K, reserved 1179648K
  class space    used 15902K, committed 16896K, reserved 1048576K
}
Event: 23.811 GC heap after
{Heap after GC invocations=54 (full 0):
 garbage-first heap   total 205824K, used 103991K [0x0000000080000000, 0x0000000100000000)
  region size 1024K, 4 young (4096K), 4 survivors (4096K)
 Metaspace       used 113609K, committed 115712K, reserved 1179648K
  class space    used 15902K, committed 16896K, reserved 1048576K
}
Event: 24.535 GC heap before
{Heap before GC invocations=54 (full 0):
 garbage-first heap   total 205824K, used 193079K [0x0000000080000000, 0x0000000100000000)
  region size 1024K, 92 young (94208K), 4 survivors (4096K)
 Metaspace       used 116503K, committed 118656K, reserved 1179648K
  class space    used 16265K, committed 17280K, reserved 1048576K
}
Event: 24.543 GC heap after
{Heap after GC invocations=55 (full 0):
 garbage-first heap   total 205824K, used 107252K [0x0000000080000000, 0x0000000100000000)
  region size 1024K, 8 young (8192K), 8 survivors (8192K)
 Metaspace       used 116503K, committed 118656K, reserved 1179648K
  class space    used 16265K, committed 17280K, reserved 1048576K
}
Event: 24.780 GC heap before
{Heap before GC invocations=55 (full 0):
 garbage-first heap   total 205824K, used 193268K [0x0000000080000000, 0x0000000100000000)
  region size 1024K, 93 young (95232K), 8 survivors (8192K)
 Metaspace       used 117205K, committed 119360K, reserved 1179648K
  class space    used 16366K, committed 17408K, reserved 1048576K
}
Event: 24.787 GC heap after
{Heap after GC invocations=56 (full 0):
 garbage-first heap   total 205824K, used 107963K [0x0000000080000000, 0x0000000100000000)
  region size 1024K, 7 young (7168K), 7 survivors (7168K)
 Metaspace       used 117205K, committed 119360K, reserved 1179648K
  class space    used 16366K, committed 17408K, reserved 1048576K
}
Event: 24.990 GC heap before
{Heap before GC invocations=57 (full 0):
 garbage-first heap   total 205824K, used 193979K [0x0000000080000000, 0x0000000100000000)
  region size 1024K, 91 young (93184K), 7 survivors (7168K)
 Metaspace       used 117625K, committed 119744K, reserved 1179648K
  class space    used 16417K, committed 17408K, reserved 1048576K
}
Event: 24.998 GC heap after
{Heap after GC invocations=58 (full 0):
 garbage-first heap   total 205824K, used 109101K [0x0000000080000000, 0x0000000100000000)
  region size 1024K, 7 young (7168K), 7 survivors (7168K)
 Metaspace       used 117625K, committed 119744K, reserved 1179648K
  class space    used 16417K, committed 17408K, reserved 1048576K
}
Event: 25.146 GC heap before
{Heap before GC invocations=58 (full 0):
 garbage-first heap   total 205824K, used 194093K [0x0000000080000000, 0x0000000100000000)
  region size 1024K, 90 young (92160K), 7 survivors (7168K)
 Metaspace       used 117772K, committed 119936K, reserved 1179648K
  class space    used 16440K, committed 17536K, reserved 1048576K
}
Event: 25.153 GC heap after
{Heap after GC invocations=59 (full 0):
 garbage-first heap   total 205824K, used 109072K [0x0000000080000000, 0x0000000100000000)
  region size 1024K, 7 young (7168K), 7 survivors (7168K)
 Metaspace       used 117772K, committed 119936K, reserved 1179648K
  class space    used 16440K, committed 17536K, reserved 1048576K
}
Event: 25.276 GC heap before
{Heap before GC invocations=59 (full 0):
 garbage-first heap   total 205824K, used 194064K [0x0000000080000000, 0x0000000100000000)
  region size 1024K, 90 young (92160K), 7 survivors (7168K)
 Metaspace       used 117926K, committed 120128K, reserved 1179648K
  class space    used 16468K, committed 17536K, reserved 1048576K
}
Event: 25.285 GC heap after
{Heap after GC invocations=60 (full 0):
 garbage-first heap   total 205824K, used 109614K [0x0000000080000000, 0x0000000100000000)
  region size 1024K, 7 young (7168K), 7 survivors (7168K)
 Metaspace       used 117926K, committed 120128K, reserved 1179648K
  class space    used 16468K, committed 17536K, reserved 1048576K
}
Event: 25.511 GC heap before
{Heap before GC invocations=61 (full 0):
 garbage-first heap   total 205824K, used 192558K [0x0000000080000000, 0x0000000100000000)
  region size 1024K, 89 young (91136K), 7 survivors (7168K)
 Metaspace       used 118218K, committed 120320K, reserved 1179648K
  class space    used 16518K, committed 17536K, reserved 1048576K
}
Event: 25.519 GC heap after
{Heap after GC invocations=62 (full 0):
 garbage-first heap   total 205824K, used 110693K [0x0000000080000000, 0x0000000100000000)
  region size 1024K, 4 young (4096K), 4 survivors (4096K)
 Metaspace       used 118218K, committed 120320K, reserved 1179648K
  class space    used 16518K, committed 17536K, reserved 1048576K
}
Event: 25.635 GC heap before
{Heap before GC invocations=62 (full 0):
 garbage-first heap   total 205824K, used 192613K [0x0000000080000000, 0x0000000100000000)
  region size 1024K, 85 young (87040K), 4 survivors (4096K)
 Metaspace       used 118293K, committed 120512K, reserved 1179648K
  class space    used 16531K, committed 17600K, reserved 1048576K
}

