# JRE version: OpenJDK Runtime Environment (21.0.10) (build 21.0.10+-14961533-b1163.108)
# Java VM: OpenJDK 64-Bit Server VM (21.0.10+-14961533-b1163.108, mixed mode, tiered, compressed oops, compressed class ptrs, g1 gc, windows-amd64)
GC Precious Log:
 CardTable entry size: 512
 Card Set container configuration: InlinePtr #cards 5 size 8 Array Of Cards #cards 12 size 40 Howl #buckets 4 coarsen threshold 1843 Howl Bitmap #cards 512 size 80 coarsen threshold 460 Card regions per heap region 1 cards per card region 2048
 CPUs: 8 total, 8 available
 Memory: 7502M
 Large Page Support: Disabled
 NUMA Support: Disabled
 Compressed Oops: Enabled (32-bit)
 Heap Region Size: 1M
 Heap Min Capacity: 8M
 Heap Initial Capacity: 118M
 Heap Max Capacity: 2G
 Pre-touch: Disabled
 Parallel Workers: 8
 Concurrent Workers: 2
 Concurrent Refinement Workers: 8
 Periodic GC: Disabled
Heap:
 garbage-first heap   total 209920K, used 120832K [0x0000000080000000, 0x0000000100000000)
  region size 1024K, 20 young (20480K), 8 survivors (8192K)
 Metaspace       used 89884K, committed 91968K, reserved 1179648K
  class space    used 12577K, committed 13568K, reserved 1048576K
GC Heap History (20 events):
Event: 20.518 GC heap before
{Heap before GC invocations=24 (full 0):
 garbage-first heap   total 126976K, used 117196K [0x0000000080000000, 0x0000000100000000)
  region size 1024K, 40 young (40960K), 2 survivors (2048K)
 Metaspace       used 73573K, committed 75520K, reserved 1114112K
  class space    used 10493K, committed 11456K, reserved 1048576K
}
Event: 20.521 GC heap after
{Heap after GC invocations=25 (full 0):
 garbage-first heap   total 126976K, used 79555K [0x0000000080000000, 0x0000000100000000)
  region size 1024K, 2 young (2048K), 2 survivors (2048K)
 Metaspace       used 73573K, committed 75520K, reserved 1114112K
  class space    used 10493K, committed 11456K, reserved 1048576K
}
Event: 20.721 GC heap before
{Heap before GC invocations=26 (full 0):
 garbage-first heap   total 133120K, used 118467K [0x0000000080000000, 0x0000000100000000)
  region size 1024K, 41 young (41984K), 2 survivors (2048K)
 Metaspace       used 73592K, committed 75584K, reserved 1114112K
  class space    used 10493K, committed 11456K, reserved 1048576K
}
Event: 20.724 GC heap after
{Heap after GC invocations=27 (full 0):
 garbage-first heap   total 133120K, used 80099K [0x0000000080000000, 0x0000000100000000)
  region size 1024K, 3 young (3072K), 3 survivors (3072K)
 Metaspace       used 73592K, committed 75584K, reserved 1114112K
  class space    used 10493K, committed 11456K, reserved 1048576K
}
Event: 20.897 GC heap before
{Heap before GC invocations=27 (full 0):
 garbage-first heap   total 133120K, used 125155K [0x0000000080000000, 0x0000000100000000)
  region size 1024K, 47 young (48128K), 3 survivors (3072K)
 Metaspace       used 73653K, committed 75648K, reserved 1114112K
  class space    used 10493K, committed 11456K, reserved 1048576K
}
Event: 20.902 GC heap after
{Heap after GC invocations=28 (full 0):
 garbage-first heap   total 159744K, used 80596K [0x0000000080000000, 0x0000000100000000)
  region size 1024K, 4 young (4096K), 4 survivors (4096K)
 Metaspace       used 73653K, committed 75648K, reserved 1114112K
  class space    used 10493K, committed 11456K, reserved 1048576K
}
Event: 21.116 GC heap before
{Heap before GC invocations=28 (full 0):
 garbage-first heap   total 159744K, used 148180K [0x0000000080000000, 0x0000000100000000)
  region size 1024K, 70 young (71680K), 4 survivors (4096K)
 Metaspace       used 73664K, committed 75648K, reserved 1114112K
  class space    used 10493K, committed 11456K, reserved 1048576K
}
Event: 21.120 GC heap after
{Heap after GC invocations=29 (full 0):
 garbage-first heap   total 159744K, used 81200K [0x0000000080000000, 0x0000000100000000)
  region size 1024K, 4 young (4096K), 4 survivors (4096K)
 Metaspace       used 73664K, committed 75648K, reserved 1114112K
  class space    used 10493K, committed 11456K, reserved 1048576K
}
Event: 21.282 GC heap before
{Heap before GC invocations=29 (full 0):
 garbage-first heap   total 159744K, used 149808K [0x0000000080000000, 0x0000000100000000)
  region size 1024K, 71 young (72704K), 4 survivors (4096K)
 Metaspace       used 73666K, committed 75648K, reserved 1114112K
  class space    used 10493K, committed 11456K, reserved 1048576K
}
Event: 21.286 GC heap after
{Heap after GC invocations=30 (full 0):
 garbage-first heap   total 159744K, used 81754K [0x0000000080000000, 0x0000000100000000)
  region size 1024K, 5 young (5120K), 5 survivors (5120K)
 Metaspace       used 73666K, committed 75648K, reserved 1114112K
  class space    used 10493K, committed 11456K, reserved 1048576K
}
Event: 21.421 GC heap before
{Heap before GC invocations=30 (full 0):
 garbage-first heap   total 159744K, used 149338K [0x0000000080000000, 0x0000000100000000)
  region size 1024K, 71 young (72704K), 5 survivors (5120K)
 Metaspace       used 73667K, committed 75648K, reserved 1114112K
  class space    used 10493K, committed 11456K, reserved 1048576K
}
Event: 21.426 GC heap after
{Heap after GC invocations=31 (full 0):
 garbage-first heap   total 159744K, used 82275K [0x0000000080000000, 0x0000000100000000)
  region size 1024K, 5 young (5120K), 5 survivors (5120K)
 Metaspace       used 73667K, committed 75648K, reserved 1114112K
  class space    used 10493K, committed 11456K, reserved 1048576K
}
Event: 21.577 GC heap before
{Heap before GC invocations=32 (full 0):
 garbage-first heap   total 159744K, used 149859K [0x0000000080000000, 0x0000000100000000)
  region size 1024K, 71 young (72704K), 5 survivors (5120K)
 Metaspace       used 73671K, committed 75648K, reserved 1114112K
  class space    used 10493K, committed 11456K, reserved 1048576K
}
Event: 21.582 GC heap after
{Heap after GC invocations=33 (full 0):
 garbage-first heap   total 192512K, used 82756K [0x0000000080000000, 0x0000000100000000)
  region size 1024K, 6 young (6144K), 6 survivors (6144K)
 Metaspace       used 73671K, committed 75648K, reserved 1114112K
  class space    used 10493K, committed 11456K, reserved 1048576K
}
Event: 23.417 GC heap before
{Heap before GC invocations=33 (full 0):
 garbage-first heap   total 192512K, used 189252K [0x0000000080000000, 0x0000000100000000)
  region size 1024K, 102 young (104448K), 6 survivors (6144K)
 Metaspace       used 77701K, committed 79680K, reserved 1179648K
  class space    used 10963K, committed 11904K, reserved 1048576K
}
Event: 23.444 GC heap after
{Heap after GC invocations=34 (full 0):
 garbage-first heap   total 205824K, used 98674K [0x0000000080000000, 0x0000000100000000)
  region size 1024K, 13 young (13312K), 13 survivors (13312K)
 Metaspace       used 77701K, committed 79680K, reserved 1179648K
  class space    used 10963K, committed 11904K, reserved 1048576K
}
Event: 24.486 GC heap before
{Heap before GC invocations=34 (full 0):
 garbage-first heap   total 205824K, used 152946K [0x0000000080000000, 0x0000000100000000)
  region size 1024K, 67 young (68608K), 13 survivors (13312K)
 Metaspace       used 83015K, committed 85120K, reserved 1179648K
  class space    used 11637K, committed 12672K, reserved 1048576K
}
Event: 24.495 GC heap after
{Heap after GC invocations=35 (full 0):
 garbage-first heap   total 205824K, used 100564K [0x0000000080000000, 0x0000000100000000)
  region size 1024K, 3 young (3072K), 3 survivors (3072K)
 Metaspace       used 83015K, committed 85120K, reserved 1179648K
  class space    used 11637K, committed 12672K, reserved 1048576K
}
Event: 26.627 GC heap before
{Heap before GC invocations=36 (full 0):
 garbage-first heap   total 205824K, used 200916K [0x0000000080000000, 0x0000000100000000)
  region size 1024K, 94 young (96256K), 3 survivors (3072K)
 Metaspace       used 89207K, committed 91328K, reserved 1179648K
  class space    used 12472K, committed 13504K, reserved 1048576K
}
Event: 26.642 GC heap after
{Heap after GC invocations=37 (full 0):
 garbage-first heap   total 209920K, used 109568K [0x0000000080000000, 0x0000000100000000)
  region size 1024K, 8 young (8192K), 8 survivors (8192K)
 Metaspace       used 89207K, committed 91328K, reserved 1179648K
  class space    used 12472K, committed 13504K, reserved 1048576K
}

