# JRE version: OpenJDK Runtime Environment (21.0.10) (build 21.0.10+-14961533-b1163.108)
# Java VM: OpenJDK 64-Bit Server VM (21.0.10+-14961533-b1163.108, mixed mode, tiered, compressed oops, compressed class ptrs, g1 gc, windows-amd64)
GC Precious Log:
 CardTable entry size: 512
 Card Set container configuration: InlinePtr #cards 5 size 8 Array Of Cards #cards 12 size 40 Howl #buckets 4 coarsen threshold 1843 Howl Bitmap #cards 512 size 80 coarsen threshold 460 Card regions per heap region 1 cards per card region 2048
 CPUs: 8 total, 8 available
 Memory: 7502M
 Large Page Support: Disabled
 NUMA Support: Disabled
 Compressed Oops: Enabled (32-bit)
 Heap Region Size: 1M
 Heap Min Capacity: 8M
 Heap Initial Capacity: 118M
 Heap Max Capacity: 2G
 Pre-touch: Disabled
 Parallel Workers: 8
 Concurrent Workers: 2
 Concurrent Refinement Workers: 8
 Periodic GC: Disabled
Heap:
 garbage-first heap   total 204800K, used 121445K [0x0000000080000000, 0x0000000100000000)
  region size 1024K, 5 young (5120K), 5 survivors (5120K)
 Metaspace       used 118341K, committed 120768K, reserved 1179648K
  class space    used 16572K, committed 17728K, reserved 1048576K
GC Heap History (20 events):
Event: 28.919 GC heap after
{Heap after GC invocations=42 (full 0):
 garbage-first heap   total 171008K, used 95047K [0x0000000080000000, 0x0000000100000000)
  region size 1024K, 9 young (9216K), 9 survivors (9216K)
 Metaspace       used 105455K, committed 107776K, reserved 1179648K
  class space    used 14937K, committed 16064K, reserved 1048576K
}
Event: 30.035 GC heap before
{Heap before GC invocations=42 (full 0):
 garbage-first heap   total 171008K, used 160583K [0x0000000080000000, 0x0000000100000000)
  region size 1024K, 73 young (74752K), 9 survivors (9216K)
 Metaspace       used 110851K, committed 113216K, reserved 1179648K
  class space    used 15701K, committed 16832K, reserved 1048576K
}
Event: 30.046 GC heap after
{Heap after GC invocations=43 (full 0):
 garbage-first heap   total 175104K, used 97204K [0x0000000080000000, 0x0000000100000000)
  region size 1024K, 8 young (8192K), 8 survivors (8192K)
 Metaspace       used 110851K, committed 113216K, reserved 1179648K
  class space    used 15701K, committed 16832K, reserved 1048576K
}
Event: 30.807 GC heap before
{Heap before GC invocations=43 (full 0):
 garbage-first heap   total 175104K, used 163764K [0x0000000080000000, 0x0000000100000000)
  region size 1024K, 73 young (74752K), 8 survivors (8192K)
 Metaspace       used 112772K, committed 115136K, reserved 1179648K
  class space    used 15967K, committed 17088K, reserved 1048576K
}
Event: 30.822 GC heap after
{Heap after GC invocations=44 (full 0):
 garbage-first heap   total 180224K, used 105285K [0x0000000080000000, 0x0000000100000000)
  region size 1024K, 10 young (10240K), 10 survivors (10240K)
 Metaspace       used 112772K, committed 115136K, reserved 1179648K
  class space    used 15967K, committed 17088K, reserved 1048576K
}
Event: 31.912 GC heap before
{Heap before GC invocations=45 (full 0):
 garbage-first heap   total 180224K, used 170821K [0x0000000080000000, 0x0000000100000000)
  region size 1024K, 70 young (71680K), 10 survivors (10240K)
 Metaspace       used 117668K, committed 120064K, reserved 1179648K
  class space    used 16520K, committed 17664K, reserved 1048576K
}
Event: 31.928 GC heap after
{Heap after GC invocations=46 (full 0):
 garbage-first heap   total 192512K, used 115168K [0x0000000080000000, 0x0000000100000000)
  region size 1024K, 9 young (9216K), 9 survivors (9216K)
 Metaspace       used 117668K, committed 120064K, reserved 1179648K
  class space    used 16520K, committed 17664K, reserved 1048576K
}
Event: 32.720 GC heap before
{Heap before GC invocations=46 (full 0):
 garbage-first heap   total 192512K, used 174560K [0x0000000080000000, 0x0000000100000000)
  region size 1024K, 67 young (68608K), 9 survivors (9216K)
 Metaspace       used 117939K, committed 120256K, reserved 1179648K
  class space    used 16525K, committed 17664K, reserved 1048576K
}
Event: 32.732 GC heap after
{Heap after GC invocations=47 (full 0):
 garbage-first heap   total 192512K, used 119041K [0x0000000080000000, 0x0000000100000000)
  region size 1024K, 5 young (5120K), 5 survivors (5120K)
 Metaspace       used 117939K, committed 120256K, reserved 1179648K
  class space    used 16525K, committed 17664K, reserved 1048576K
}
Event: 32.894 GC heap before
{Heap before GC invocations=47 (full 0):
 garbage-first heap   total 192512K, used 175361K [0x0000000080000000, 0x0000000100000000)
  region size 1024K, 61 young (62464K), 5 survivors (5120K)
 Metaspace       used 117941K, committed 120256K, reserved 1179648K
  class space    used 16525K, committed 17664K, reserved 1048576K
}
Event: 32.899 GC heap after
{Heap after GC invocations=48 (full 0):
 garbage-first heap   total 192512K, used 120198K [0x0000000080000000, 0x0000000100000000)
  region size 1024K, 2 young (2048K), 2 survivors (2048K)
 Metaspace       used 117941K, committed 120256K, reserved 1179648K
  class space    used 16525K, committed 17664K, reserved 1048576K
}
Event: 33.102 GC heap before
{Heap before GC invocations=49 (full 0):
 garbage-first heap   total 201728K, used 177542K [0x0000000080000000, 0x0000000100000000)
  region size 1024K, 59 young (60416K), 2 survivors (2048K)
 Metaspace       used 117945K, committed 120320K, reserved 1179648K
  class space    used 16525K, committed 17664K, reserved 1048576K
}
Event: 33.104 GC heap after
{Heap after GC invocations=50 (full 0):
 garbage-first heap   total 201728K, used 120514K [0x0000000080000000, 0x0000000100000000)
  region size 1024K, 2 young (2048K), 2 survivors (2048K)
 Metaspace       used 117945K, committed 120320K, reserved 1179648K
  class space    used 16525K, committed 17664K, reserved 1048576K
}
Event: 33.475 GC heap before
{Heap before GC invocations=50 (full 0):
 garbage-first heap   total 201728K, used 188098K [0x0000000080000000, 0x0000000100000000)
  region size 1024K, 68 young (69632K), 2 survivors (2048K)
 Metaspace       used 118210K, committed 120512K, reserved 1179648K
  class space    used 16563K, committed 17664K, reserved 1048576K
}
Event: 33.480 GC heap after
{Heap after GC invocations=51 (full 0):
 garbage-first heap   total 201728K, used 120877K [0x0000000080000000, 0x0000000100000000)
  region size 1024K, 3 young (3072K), 3 survivors (3072K)
 Metaspace       used 118210K, committed 120512K, reserved 1179648K
  class space    used 16563K, committed 17664K, reserved 1048576K
}
Event: 33.640 GC heap before
{Heap before GC invocations=51 (full 0):
 garbage-first heap   total 201728K, used 188461K [0x0000000080000000, 0x0000000100000000)
  region size 1024K, 70 young (71680K), 3 survivors (3072K)
 Metaspace       used 118272K, committed 120640K, reserved 1179648K
  class space    used 16569K, committed 17664K, reserved 1048576K
}
Event: 33.644 GC heap after
{Heap after GC invocations=52 (full 0):
 garbage-first heap   total 201728K, used 121573K [0x0000000080000000, 0x0000000100000000)
  region size 1024K, 4 young (4096K), 4 survivors (4096K)
 Metaspace       used 118272K, committed 120640K, reserved 1179648K
  class space    used 16569K, committed 17664K, reserved 1048576K
}
Event: 33.887 GC heap before
{Heap before GC invocations=53 (full 0):
 garbage-first heap   total 204800K, used 190181K [0x0000000080000000, 0x0000000100000000)
  region size 1024K, 71 young (72704K), 4 survivors (4096K)
 Metaspace       used 118341K, committed 120768K, reserved 1179648K
  class space    used 16572K, committed 17728K, reserved 1048576K
}
Event: 33.891 GC heap after
{Heap after GC invocations=54 (full 0):
 garbage-first heap   total 204800K, used 122041K [0x0000000080000000, 0x0000000100000000)
  region size 1024K, 4 young (4096K), 4 survivors (4096K)
 Metaspace       used 118341K, committed 120768K, reserved 1179648K
  class space    used 16572K, committed 17728K, reserved 1048576K
}
Event: 33.971 GC heap before
{Heap before GC invocations=54 (full 0):
 garbage-first heap   total 204800K, used 192697K [0x0000000080000000, 0x0000000100000000)
  region size 1024K, 74 young (75776K), 4 survivors (4096K)
 Metaspace       used 118341K, committed 120768K, reserved 1179648K
  class space    used 16572K, committed 17728K, reserved 1048576K
}

