# JRE version: OpenJDK Runtime Environment (21.0.10) (build 21.0.10+-14961533-b1163.108)
# Java VM: OpenJDK 64-Bit Server VM (21.0.10+-14961533-b1163.108, mixed mode, tiered, compressed oops, compressed class ptrs, g1 gc, windows-amd64)
GC Precious Log:
 CardTable entry size: 512
 Card Set container configuration: InlinePtr #cards 5 size 8 Array Of Cards #cards 12 size 40 Howl #buckets 4 coarsen threshold 1843 Howl Bitmap #cards 512 size 80 coarsen threshold 460 Card regions per heap region 1 cards per card region 2048
 CPUs: 8 total, 8 available
 Memory: 7502M
 Large Page Support: Disabled
 NUMA Support: Disabled
 Compressed Oops: Enabled (32-bit)
 Heap Region Size: 1M
 Heap Min Capacity: 8M
 Heap Initial Capacity: 118M
 Heap Max Capacity: 2G
 Pre-touch: Disabled
 Parallel Workers: 8
 Concurrent Workers: 2
 Concurrent Refinement Workers: 8
 Periodic GC: Disabled
Heap:
 garbage-first heap   total 116736K, used 97296K [0x0000000080000000, 0x0000000100000000)
  region size 1024K, 48 young (49152K), 3 survivors (3072K)
 Metaspace       used 71563K, committed 73472K, reserved 1114112K
  class space    used 10178K, committed 11072K, reserved 1048576K
GC Heap History (20 events):
Event: 7.195 GC heap before
{Heap before GC invocations=12 (full 0):
 garbage-first heap   total 75776K, used 66851K [0x0000000080000000, 0x0000000100000000)
  region size 1024K, 41 young (41984K), 5 survivors (5120K)
 Metaspace       used 51424K, committed 52800K, reserved 1114112K
  class space    used 7153K, committed 7808K, reserved 1048576K
}
Event: 7.202 GC heap after
{Heap after GC invocations=13 (full 0):
 garbage-first heap   total 92160K, used 34130K [0x0000000080000000, 0x0000000100000000)
  region size 1024K, 6 young (6144K), 6 survivors (6144K)
 Metaspace       used 51424K, committed 52800K, reserved 1114112K
  class space    used 7153K, committed 7808K, reserved 1048576K
}
Event: 8.009 GC heap before
{Heap before GC invocations=13 (full 0):
 garbage-first heap   total 92160K, used 83282K [0x0000000080000000, 0x0000000100000000)
  region size 1024K, 52 young (53248K), 6 survivors (6144K)
 Metaspace       used 55414K, committed 56960K, reserved 1114112K
  class space    used 7810K, committed 8576K, reserved 1048576K
}
Event: 8.017 GC heap after
{Heap after GC invocations=14 (full 0):
 garbage-first heap   total 95232K, used 41329K [0x0000000080000000, 0x0000000100000000)
  region size 1024K, 5 young (5120K), 5 survivors (5120K)
 Metaspace       used 55414K, committed 56960K, reserved 1114112K
  class space    used 7810K, committed 8576K, reserved 1048576K
}
Event: 8.405 GC heap before
{Heap before GC invocations=14 (full 0):
 garbage-first heap   total 95232K, used 83313K [0x0000000080000000, 0x0000000100000000)
  region size 1024K, 46 young (47104K), 5 survivors (5120K)
 Metaspace       used 56460K, committed 58112K, reserved 1114112K
  class space    used 7967K, committed 8768K, reserved 1048576K
}
Event: 8.410 GC heap after
{Heap after GC invocations=15 (full 0):
 garbage-first heap   total 95232K, used 42616K [0x0000000080000000, 0x0000000100000000)
  region size 1024K, 2 young (2048K), 2 survivors (2048K)
 Metaspace       used 56460K, committed 58112K, reserved 1114112K
  class space    used 7967K, committed 8768K, reserved 1048576K
}
Event: 8.809 GC heap before
{Heap before GC invocations=15 (full 0):
 garbage-first heap   total 95232K, used 64120K [0x0000000080000000, 0x0000000100000000)
  region size 1024K, 24 young (24576K), 2 survivors (2048K)
 Metaspace       used 58679K, committed 60288K, reserved 1114112K
  class space    used 8331K, committed 9088K, reserved 1048576K
}
Event: 8.812 GC heap after
{Heap after GC invocations=16 (full 0):
 garbage-first heap   total 95232K, used 43200K [0x0000000080000000, 0x0000000100000000)
  region size 1024K, 3 young (3072K), 3 survivors (3072K)
 Metaspace       used 58679K, committed 60288K, reserved 1114112K
  class space    used 8331K, committed 9088K, reserved 1048576K
}
Event: 9.528 GC heap before
{Heap before GC invocations=17 (full 0):
 garbage-first heap   total 95232K, used 86208K [0x0000000080000000, 0x0000000100000000)
  region size 1024K, 45 young (46080K), 3 survivors (3072K)
 Metaspace       used 64301K, committed 65984K, reserved 1114112K
  class space    used 9166K, committed 9984K, reserved 1048576K
}
Event: 9.531 GC heap after
{Heap after GC invocations=18 (full 0):
 garbage-first heap   total 95232K, used 45056K [0x0000000080000000, 0x0000000100000000)
  region size 1024K, 4 young (4096K), 4 survivors (4096K)
 Metaspace       used 64301K, committed 65984K, reserved 1114112K
  class space    used 9166K, committed 9984K, reserved 1048576K
}
Event: 10.369 GC heap before
{Heap before GC invocations=18 (full 0):
 garbage-first heap   total 95232K, used 87040K [0x0000000080000000, 0x0000000100000000)
  region size 1024K, 45 young (46080K), 4 survivors (4096K)
 Metaspace       used 69419K, committed 71296K, reserved 1114112K
  class space    used 9979K, committed 10880K, reserved 1048576K
}
Event: 10.374 GC heap after
{Heap after GC invocations=19 (full 0):
 garbage-first heap   total 95232K, used 46815K [0x0000000080000000, 0x0000000100000000)
  region size 1024K, 5 young (5120K), 5 survivors (5120K)
 Metaspace       used 69419K, committed 71296K, reserved 1114112K
  class space    used 9979K, committed 10880K, reserved 1048576K
}
Event: 11.317 GC heap before
{Heap before GC invocations=19 (full 0):
 garbage-first heap   total 95232K, used 86751K [0x0000000080000000, 0x0000000100000000)
  region size 1024K, 45 young (46080K), 5 survivors (5120K)
 Metaspace       used 71129K, committed 73024K, reserved 1114112K
  class space    used 10174K, committed 11072K, reserved 1048576K
}
Event: 11.325 GC heap after
{Heap after GC invocations=20 (full 0):
 garbage-first heap   total 97280K, used 50347K [0x0000000080000000, 0x0000000100000000)
  region size 1024K, 6 young (6144K), 6 survivors (6144K)
 Metaspace       used 71129K, committed 73024K, reserved 1114112K
  class space    used 10174K, committed 11072K, reserved 1048576K
}
Event: 11.541 GC heap before
{Heap before GC invocations=20 (full 0):
 garbage-first heap   total 97280K, used 87211K [0x0000000080000000, 0x0000000100000000)
  region size 1024K, 43 young (44032K), 6 survivors (6144K)
 Metaspace       used 71313K, committed 73216K, reserved 1114112K
  class space    used 10174K, committed 11072K, reserved 1048576K
}
Event: 11.547 GC heap after
{Heap after GC invocations=21 (full 0):
 garbage-first heap   total 97280K, used 51593K [0x0000000080000000, 0x0000000100000000)
  region size 1024K, 2 young (2048K), 2 survivors (2048K)
 Metaspace       used 71313K, committed 73216K, reserved 1114112K
  class space    used 10174K, committed 11072K, reserved 1048576K
}
Event: 11.774 GC heap before
{Heap before GC invocations=22 (full 0):
 garbage-first heap   total 97280K, used 88457K [0x0000000080000000, 0x0000000100000000)
  region size 1024K, 39 young (39936K), 2 survivors (2048K)
 Metaspace       used 71413K, committed 73280K, reserved 1114112K
  class space    used 10174K, committed 11072K, reserved 1048576K
}
Event: 11.776 GC heap after
{Heap after GC invocations=23 (full 0):
 garbage-first heap   total 97280K, used 51849K [0x0000000080000000, 0x0000000100000000)
  region size 1024K, 2 young (2048K), 2 survivors (2048K)
 Metaspace       used 71413K, committed 73280K, reserved 1114112K
  class space    used 10174K, committed 11072K, reserved 1048576K
}
Event: 11.975 GC heap before
{Heap before GC invocations=23 (full 0):
 garbage-first heap   total 97280K, used 89737K [0x0000000080000000, 0x0000000100000000)
  region size 1024K, 40 young (40960K), 2 survivors (2048K)
 Metaspace       used 71427K, committed 73344K, reserved 1114112K
  class space    used 10174K, committed 11072K, reserved 1048576K
}
Event: 12.018 GC heap after
{Heap after GC invocations=24 (full 0):
 garbage-first heap   total 116736K, used 52240K [0x0000000080000000, 0x0000000100000000)
  region size 1024K, 3 young (3072K), 3 survivors (3072K)
 Metaspace       used 71427K, committed 73344K, reserved 1114112K
  class space    used 10174K, committed 11072K, reserved 1048576K
}

